Using pre-set license
Built from '2020.3/staging' branch; Version is '2020.3.0f1 (c7b5465681fb) revision 13088070'; Using compiler version '192528614'; Build Type 'Release'
OS: 'Windows 10 Pro; OS build 19042.867; Version 2009; 64bit' Language: 'de' Physical Memory: 32690 MB
BatchMode: 1, IsHumanControllingUs: 0, StartBugReporterOnCrash: 0, Is64bit: 1, IsPro: 0

 COMMAND LINE ARGUMENTS:
C:\Program Files\Unity\Hub\Editor\2020.3.0f1\Editor\Unity.exe
-adb2
-batchMode
-noUpm
-name
AssetImportWorker0
-projectPath
C:/Users/Admin/Documents/GitHub/DamnGame
-logFile
Logs/AssetImportWorker0.log
-srvPort
49838
Successfully changed project path to: C:/Users/Admin/Documents/GitHub/DamnGame
C:/Users/Admin/Documents/GitHub/DamnGame
Using Asset Import Pipeline V2.
Refreshing native plugins compatible for Editor in 31.84 ms, found 1 plugins.
Preloading 0 native plugins for Editor in 0.00 ms.
Initialize engine version: 2020.3.0f1 (c7b5465681fb)
[Subsystems] Discovering subsystems at path C:/Program Files/Unity/Hub/Editor/2020.3.0f1/Editor/Data/Resources/UnitySubsystems
[Subsystems] Discovering subsystems at path C:/Users/Admin/Documents/GitHub/DamnGame/Assets
GfxDevice: creating device client; threaded=0
Direct3D:
    Version:  Direct3D 11.0 [level 11.1]
    Renderer: NVIDIA GeForce RTX 3080 (ID=0x2206)
    Vendor:   
    VRAM:     10078 MB
    Driver:   27.21.14.6140
Initialize mono
Mono path[0] = 'C:/Program Files/Unity/Hub/Editor/2020.3.0f1/Editor/Data/Managed'
Mono path[1] = 'C:/Program Files/Unity/Hub/Editor/2020.3.0f1/Editor/Data/MonoBleedingEdge/lib/mono/unityjit'
Mono config path = 'C:/Program Files/Unity/Hub/Editor/2020.3.0f1/Editor/Data/MonoBleedingEdge/etc'
Using monoOptions --debugger-agent=transport=dt_socket,embedding=1,server=y,suspend=n,address=127.0.0.1:56016
Begin MonoManager ReloadAssembly
Registering precompiled unity dll's ...
Register platform support module: C:/Program Files/Unity/Hub/Editor/2020.3.0f1/Editor/Data/PlaybackEngines/WindowsStandaloneSupport/UnityEditor.WindowsStandalone.Extensions.dll
Registered in 0.001172 seconds.
Native extension for WindowsStandalone target not found
Refreshing native plugins compatible for Editor in 31.31 ms, found 1 plugins.
Preloading 0 native plugins for Editor in 0.00 ms.
Invoked RoslynAnalysisRunner static constructor.
RoslynAnalysisRunner will not be running.
RoslynAnalysisRunner has terminated.
Mono: successfully reloaded assembly
- Completed reload, in  0.683 seconds
Platform modules already initialized, skipping
Registering precompiled user dll's ...
Registered in 0.000601 seconds.
Begin MonoManager ReloadAssembly
Native extension for WindowsStandalone target not found
Refreshing native plugins compatible for Editor in 32.37 ms, found 1 plugins.
Preloading 0 native plugins for Editor in 0.00 ms.
Invoked RoslynAnalysisRunner static constructor.
RoslynAnalysisRunner will not be running.
RoslynAnalysisRunner has terminated.
Mono: successfully reloaded assembly
- Completed reload, in  0.679 seconds
Platform modules already initialized, skipping
========================================================================
Worker process is ready to serve import requests
Launched and connected shader compiler UnityShaderCompiler.exe after 0.02 seconds
Refreshing native plugins compatible for Editor in 0.33 ms, found 1 plugins.
Preloading 0 native plugins for Editor in 0.00 ms.
Unloading 2116 Unused Serialized files (Serialized files now loaded: 0)
System memory in use before: 95.7 MB.
System memory in use after: 95.8 MB.

Unloading 21 unused Assets to reduce memory usage. Loaded Objects now: 2568.
Total: 1.613000 ms (FindLiveObjects: 0.164600 ms CreateObjectMapping: 0.079400 ms MarkObjects: 1.326700 ms  DeleteObjects: 0.041600 ms)

========================================================================
Received Import Request.
  path: Assets/Images/Resources/CoalPile.png
  artifactKey: Guid(d426e78ae84338d4998b0b680df241d9) Importer(815301076,1909f56bfc062723c751e8b465ee728b)
Start importing Assets/Images/Resources/CoalPile.png using Guid(d426e78ae84338d4998b0b680df241d9) Importer(815301076,1909f56bfc062723c751e8b465ee728b)  -> (artifact id: '55e8f0b761cabdc8eadfe9a8f28e5fcf') in 0.066984 seconds
  Import took 0.069459 seconds .

========================================================================
Received Import Request.
  Time since last request: 478.026636 seconds.
  path: Assets/Sprites/Player/character_bow.png
  artifactKey: Guid(410a682b748d49d5b553923210776e64) Importer(815301076,1909f56bfc062723c751e8b465ee728b)
Start importing Assets/Sprites/Player/character_bow.png using Guid(410a682b748d49d5b553923210776e64) Importer(815301076,1909f56bfc062723c751e8b465ee728b)  -> (artifact id: '839f9d4a56fd86c29953a26c3d00644b') in 0.035265 seconds
  Import took 0.038226 seconds .

========================================================================
Received Import Request.
  Time since last request: 0.000152 seconds.
  path: Assets/Sprites/Player/world_bomb_explosion.png
  artifactKey: Guid(9f30f35184729d64e9778f3a861945dc) Importer(815301076,1909f56bfc062723c751e8b465ee728b)
Start importing Assets/Sprites/Player/world_bomb_explosion.png using Guid(9f30f35184729d64e9778f3a861945dc) Importer(815301076,1909f56bfc062723c751e8b465ee728b)  -> (artifact id: '755b61a01ac98cf94ef3e6605244e2b9') in 0.067396 seconds
  Import took 0.069763 seconds .

========================================================================
Received Import Request.
  Time since last request: 0.000096 seconds.
  path: Assets/Sprites/Player/world_bomb_ground.png
  artifactKey: Guid(9c6314050d870a4409074e27c5e79132) Importer(815301076,1909f56bfc062723c751e8b465ee728b)
Start importing Assets/Sprites/Player/world_bomb_ground.png using Guid(9c6314050d870a4409074e27c5e79132) Importer(815301076,1909f56bfc062723c751e8b465ee728b)  -> (artifact id: '8c4026611d7255f47f608de6287467cf') in 0.059306 seconds
  Import took 0.061657 seconds .

========================================================================
Received Import Request.
  Time since last request: 0.000117 seconds.
  path: Assets/Sprites/Player/character_vanish.png
  artifactKey: Guid(37db6fd26ee44919bffee8a330bd9f5d) Importer(815301076,1909f56bfc062723c751e8b465ee728b)
Start importing Assets/Sprites/Player/character_vanish.png using Guid(37db6fd26ee44919bffee8a330bd9f5d) Importer(815301076,1909f56bfc062723c751e8b465ee728b)  -> (artifact id: '2225c9b2bf90553478f829b179ea34e6') in 0.057600 seconds
  Import took 0.060053 seconds .

========================================================================
Received Import Request.
  Time since last request: 0.000099 seconds.
  path: Assets/Sprites/Player/world_muzzleflash.png
  artifactKey: Guid(9cfbb362323bfad4eb88e48d04d8a2a7) Importer(815301076,1909f56bfc062723c751e8b465ee728b)
Start importing Assets/Sprites/Player/world_muzzleflash.png using Guid(9cfbb362323bfad4eb88e48d04d8a2a7) Importer(815301076,1909f56bfc062723c751e8b465ee728b)  -> (artifact id: 'b9fc7b97352b6b6e23d2b6ac6e11a0c4') in 0.030773 seconds
  Import took 0.033089 seconds .

========================================================================
Received Import Request.
  Time since last request: 0.000096 seconds.
  path: Assets/Sprites/Player/character_sword.png
  artifactKey: Guid(15eb07192dee43dcb169478da3b487d0) Importer(815301076,1909f56bfc062723c751e8b465ee728b)
Start importing Assets/Sprites/Player/character_sword.png using Guid(15eb07192dee43dcb169478da3b487d0) Importer(815301076,1909f56bfc062723c751e8b465ee728b)  -> (artifact id: '635a18e4dba8965535dffcc3cea422ea') in 0.141064 seconds
  Import took 0.143571 seconds .

========================================================================
Received Import Request.
  Time since last request: 0.000146 seconds.
  path: Assets/Sprites/Player/weapon_sycthe.png
  artifactKey: Guid(859caa1337f1497c857b71771e7c5295) Importer(815301076,1909f56bfc062723c751e8b465ee728b)
Start importing Assets/Sprites/Player/weapon_sycthe.png using Guid(859caa1337f1497c857b71771e7c5295) Importer(815301076,1909f56bfc062723c751e8b465ee728b)  -> (artifact id: '95dde03f9731e9b95234d29f2b5cff39') in 0.074749 seconds
  Import took 0.077176 seconds .

========================================================================
Received Import Request.
  Time since last request: 0.000215 seconds.
  path: Assets/Sprites/Player/world_arrow_basic.png
  artifactKey: Guid(32fc46fa3f0e8b349b777fc008066ece) Importer(815301076,1909f56bfc062723c751e8b465ee728b)
Start importing Assets/Sprites/Player/world_arrow_basic.png using Guid(32fc46fa3f0e8b349b777fc008066ece) Importer(815301076,1909f56bfc062723c751e8b465ee728b)  -> (artifact id: 'f80e12ce55eb108ab4631d25f83864f2') in 0.013149 seconds
  Import took 0.015486 seconds .

========================================================================
Received Import Request.
  Time since last request: 0.000091 seconds.
  path: Assets/Sprites/Player/character_hit2.png
  artifactKey: Guid(aaa807840a4943e79b5aa0802ee18d99) Importer(815301076,1909f56bfc062723c751e8b465ee728b)
Start importing Assets/Sprites/Player/character_hit2.png using Guid(aaa807840a4943e79b5aa0802ee18d99) Importer(815301076,1909f56bfc062723c751e8b465ee728b)  -> (artifact id: '4fcc327c0c70bf0af770455585ae30e9') in 0.059149 seconds
  Import took 0.061585 seconds .

========================================================================
Received Import Request.
  Time since last request: 0.000181 seconds.
  path: Assets/Sprites/Player/character_throw.png
  artifactKey: Guid(bb842fe46e994e6b903ffa8af9ae0f36) Importer(815301076,1909f56bfc062723c751e8b465ee728b)
Start importing Assets/Sprites/Player/character_throw.png using Guid(bb842fe46e994e6b903ffa8af9ae0f36) Importer(815301076,1909f56bfc062723c751e8b465ee728b)  -> (artifact id: '1c4218585243ea31f3ad346e2b261237') in 0.085386 seconds
  Import took 0.087762 seconds .

========================================================================
Received Import Request.
  Time since last request: 0.000186 seconds.
  path: Assets/Sprites/Player/character_gun.png
  artifactKey: Guid(7adb3002b143465ca80d83e1b71af788) Importer(815301076,1909f56bfc062723c751e8b465ee728b)
Start importing Assets/Sprites/Player/character_gun.png using Guid(7adb3002b143465ca80d83e1b71af788) Importer(815301076,1909f56bfc062723c751e8b465ee728b)  -> (artifact id: '46c390d449f8f0f6c33054663c815f17') in 0.017620 seconds
  Import took 0.019863 seconds .

========================================================================
Received Import Request.
  Time since last request: 0.000133 seconds.
  path: Assets/Sprites/Player/character_duck.png
  artifactKey: Guid(b9998a0d16f84a57a88683adbfce9aea) Importer(815301076,1909f56bfc062723c751e8b465ee728b)
Start importing Assets/Sprites/Player/character_duck.png using Guid(b9998a0d16f84a57a88683adbfce9aea) Importer(815301076,1909f56bfc062723c751e8b465ee728b)  -> (artifact id: '749106d8707db50423fcd2e5822da384') in 0.087508 seconds
  Import took 0.089946 seconds .

========================================================================
Received Import Request.
  Time since last request: 0.000184 seconds.
  path: Assets/Sprites/Player/CollisionTop.png
  artifactKey: Guid(e1f3268e73c3f16419226dd884466772) Importer(815301076,1909f56bfc062723c751e8b465ee728b)
Start importing Assets/Sprites/Player/CollisionTop.png using Guid(e1f3268e73c3f16419226dd884466772) Importer(815301076,1909f56bfc062723c751e8b465ee728b)  -> (artifact id: '8f2485c0aa6b0b319fb53cb61c4764e1') in 0.009750 seconds
  Import took 0.012056 seconds .

========================================================================
Received Import Request.
  Time since last request: 0.000167 seconds.
  path: Assets/Sprites/Player/character_hold.png
  artifactKey: Guid(bdcf20ae532f4ef88d3b429b880553e3) Importer(815301076,1909f56bfc062723c751e8b465ee728b)
Start importing Assets/Sprites/Player/character_hold.png using Guid(bdcf20ae532f4ef88d3b429b880553e3) Importer(815301076,1909f56bfc062723c751e8b465ee728b)  -> (artifact id: 'd0b194e0ae61e5ef08822ded16952d49') in 0.111377 seconds
  Import took 0.113882 seconds .

========================================================================
Received Import Request.
  Time since last request: 0.000187 seconds.
  path: Assets/Sprites/Player/character_run.png
  artifactKey: Guid(acb8cab598694f619dd44693cb68fb4e) Importer(815301076,1909f56bfc062723c751e8b465ee728b)
Start importing Assets/Sprites/Player/character_run.png using Guid(acb8cab598694f619dd44693cb68fb4e) Importer(815301076,1909f56bfc062723c751e8b465ee728b)  -> (artifact id: 'c6b2c7bbd7bc7c4656d5ac991b1d9159') in 0.050686 seconds
  Import took 0.053063 seconds .

========================================================================
Received Import Request.
  Time since last request: 0.000185 seconds.
  path: Assets/Sprites/Player/character_sycthe.png
  artifactKey: Guid(2cd92e9f32354f3c924b9ba0617cfbd3) Importer(815301076,1909f56bfc062723c751e8b465ee728b)
Start importing Assets/Sprites/Player/character_sycthe.png using Guid(2cd92e9f32354f3c924b9ba0617cfbd3) Importer(815301076,1909f56bfc062723c751e8b465ee728b)  -> (artifact id: '9556837e5869031f364ccfe98089e4dd') in 0.096488 seconds
  Import took 0.098930 seconds .

========================================================================
Received Import Request.
  Time since last request: 0.000130 seconds.
  path: Assets/Sprites/Player/weapon_gun.png
  artifactKey: Guid(abb480a6baaf485c81c17a7f3c4fdc42) Importer(815301076,1909f56bfc062723c751e8b465ee728b)
Start importing Assets/Sprites/Player/weapon_gun.png using Guid(abb480a6baaf485c81c17a7f3c4fdc42) Importer(815301076,1909f56bfc062723c751e8b465ee728b)  -> (artifact id: '661b7272d8ce606e5627eb5ea9826b17') in 0.016756 seconds
  Import took 0.019064 seconds .

========================================================================
Received Import Request.
  Time since last request: 0.000131 seconds.
  path: Assets/Sprites/Player/CollisionBottom.png
  artifactKey: Guid(fb98ab99fa98d3341abfecefb5a0ec21) Importer(815301076,1909f56bfc062723c751e8b465ee728b)
Start importing Assets/Sprites/Player/CollisionBottom.png using Guid(fb98ab99fa98d3341abfecefb5a0ec21) Importer(815301076,1909f56bfc062723c751e8b465ee728b)  -> (artifact id: '2f1636018749ee0f00e2f918c8b9c2a1') in 0.009143 seconds
  Import took 0.011422 seconds .

========================================================================
Received Import Request.
  Time since last request: 0.000131 seconds.
  path: Assets/Sprites/Player/weapon_bow.png
  artifactKey: Guid(6cd198aefcb544d6aa5f8f37be4f872a) Importer(815301076,1909f56bfc062723c751e8b465ee728b)
Start importing Assets/Sprites/Player/weapon_bow.png using Guid(6cd198aefcb544d6aa5f8f37be4f872a) Importer(815301076,1909f56bfc062723c751e8b465ee728b)  -> (artifact id: '4b14fd3b2d390e172601f97adadd26ff') in 0.039862 seconds
  Import took 0.042248 seconds .

========================================================================
Received Import Request.
  Time since last request: 0.000183 seconds.
  path: Assets/Sprites/Player/character_carry.png
  artifactKey: Guid(4474d2218d1233d4d9d99a809b49554b) Importer(815301076,1909f56bfc062723c751e8b465ee728b)
Start importing Assets/Sprites/Player/character_carry.png using Guid(4474d2218d1233d4d9d99a809b49554b) Importer(815301076,1909f56bfc062723c751e8b465ee728b)  -> (artifact id: 'a565862ad6b8944ee166934cc7f0fe2c') in 0.118075 seconds
  Import took 0.120588 seconds .

========================================================================
Received Import Request.
  Time since last request: 0.000190 seconds.
  path: Assets/Sprites/Player/world_bomb_carry.png
  artifactKey: Guid(a3ebf609d64354b47bd06cdd94098ebc) Importer(815301076,1909f56bfc062723c751e8b465ee728b)
Start importing Assets/Sprites/Player/world_bomb_carry.png using Guid(a3ebf609d64354b47bd06cdd94098ebc) Importer(815301076,1909f56bfc062723c751e8b465ee728b)  -> (artifact id: '4024bfed4f0d23917a992aeaf6460929') in 0.087324 seconds
  Import took 0.089740 seconds .

========================================================================
Received Import Request.
  Time since last request: 0.000217 seconds.
  path: Assets/Sprites/Player/world_bullets.png
  artifactKey: Guid(30edb9d12883df642bcb8b4f9bb0c3da) Importer(815301076,1909f56bfc062723c751e8b465ee728b)
Start importing Assets/Sprites/Player/world_bullets.png using Guid(30edb9d12883df642bcb8b4f9bb0c3da) Importer(815301076,1909f56bfc062723c751e8b465ee728b)  -> (artifact id: '92241a7ddf55110042ca9243472e2da9') in 0.019082 seconds
  Import took 0.021394 seconds .

========================================================================
Received Import Request.
  Time since last request: 0.000181 seconds.
  path: Assets/Sprites/Player/world_player_shadow.png
  artifactKey: Guid(2defedf49c8d4511b29c6bc028880008) Importer(815301076,1909f56bfc062723c751e8b465ee728b)
Start importing Assets/Sprites/Player/world_player_shadow.png using Guid(2defedf49c8d4511b29c6bc028880008) Importer(815301076,1909f56bfc062723c751e8b465ee728b)  -> (artifact id: 'fea0563f80f9639bc4da5fa5816c1e66') in 0.013214 seconds
  Import took 0.015534 seconds .

========================================================================
Received Import Request.
  Time since last request: 0.000137 seconds.
  path: Assets/Sprites/Player/character_hit1.png
  artifactKey: Guid(42a0d4a0cdde425a930dc5ae1c3f64ad) Importer(815301076,1909f56bfc062723c751e8b465ee728b)
Start importing Assets/Sprites/Player/character_hit1.png using Guid(42a0d4a0cdde425a930dc5ae1c3f64ad) Importer(815301076,1909f56bfc062723c751e8b465ee728b)  -> (artifact id: '229ade97026ffc4718a4a281cc8d109b') in 0.060409 seconds
  Import took 0.062910 seconds .

========================================================================
Received Import Request.
  Time since last request: 0.000137 seconds.
  path: Assets/Sprites/Player/character_slide.png
  artifactKey: Guid(38259642eea83c740b18225fcc6afcb8) Importer(815301076,1909f56bfc062723c751e8b465ee728b)
Start importing Assets/Sprites/Player/character_slide.png using Guid(38259642eea83c740b18225fcc6afcb8) Importer(815301076,1909f56bfc062723c751e8b465ee728b)  -> (artifact id: '1d4c00465e569bec2001232fd9a365fb') in 0.056681 seconds
  Import took 0.059178 seconds .

========================================================================
Received Import Request.
  Time since last request: 0.000182 seconds.
  path: Assets/Sprites/Player/weapon_hammer.png
  artifactKey: Guid(626be61ea46848f48841509c5271e64f) Importer(815301076,1909f56bfc062723c751e8b465ee728b)
Start importing Assets/Sprites/Player/weapon_hammer.png using Guid(626be61ea46848f48841509c5271e64f) Importer(815301076,1909f56bfc062723c751e8b465ee728b)  -> (artifact id: 'b214e38192dc14ae2da52a0fbec11874') in 0.105801 seconds
  Import took 0.108210 seconds .

========================================================================
Received Import Request.
  Time since last request: 0.000182 seconds.
  path: Assets/Sprites/Player/CollisionRight.png
  artifactKey: Guid(1b4cf050aefb1094f99dafc2f1e73064) Importer(815301076,1909f56bfc062723c751e8b465ee728b)
Start importing Assets/Sprites/Player/CollisionRight.png using Guid(1b4cf050aefb1094f99dafc2f1e73064) Importer(815301076,1909f56bfc062723c751e8b465ee728b)  -> (artifact id: 'fde11f6267b402375bd20b10f9c41346') in 0.009063 seconds
  Import took 0.011377 seconds .

========================================================================
Received Import Request.
  Time since last request: 0.000111 seconds.
  path: Assets/Sprites/Player/CollisionBox.png
  artifactKey: Guid(3aaf478628142ed49bc61d3be642a6dd) Importer(815301076,1909f56bfc062723c751e8b465ee728b)
Start importing Assets/Sprites/Player/CollisionBox.png using Guid(3aaf478628142ed49bc61d3be642a6dd) Importer(815301076,1909f56bfc062723c751e8b465ee728b)  -> (artifact id: '9dafb3034fbb534063a6a0b72b8620fb') in 0.009029 seconds
  Import took 0.011453 seconds .

========================================================================
Received Import Request.
  Time since last request: 0.000101 seconds.
  path: Assets/Sprites/Player/weapon_rifle.png
  artifactKey: Guid(23d536d6083344698e17aa8fc049b99f) Importer(815301076,1909f56bfc062723c751e8b465ee728b)
Start importing Assets/Sprites/Player/weapon_rifle.png using Guid(23d536d6083344698e17aa8fc049b99f) Importer(815301076,1909f56bfc062723c751e8b465ee728b)  -> (artifact id: '4f962a13ffb42865043240a250efbec9') in 0.016933 seconds
  Import took 0.019253 seconds .

========================================================================
Received Import Request.
  Time since last request: 0.000097 seconds.
  path: Assets/Sprites/Player/character_rifle.png
  artifactKey: Guid(123d54a09b5e49a7b77ca17b4009834c) Importer(815301076,1909f56bfc062723c751e8b465ee728b)
Start importing Assets/Sprites/Player/character_rifle.png using Guid(123d54a09b5e49a7b77ca17b4009834c) Importer(815301076,1909f56bfc062723c751e8b465ee728b)  -> (artifact id: '818173da69bb9d83f4bf799a77d22d50') in 0.017453 seconds
  Import took 0.019748 seconds .

========================================================================
Received Import Request.
  Time since last request: 0.000126 seconds.
  path: Assets/Sprites/Player/world_wood_barrier.png
  artifactKey: Guid(c94c2e2b9bf12ca4680516aeed0708df) Importer(815301076,1909f56bfc062723c751e8b465ee728b)
Start importing Assets/Sprites/Player/world_wood_barrier.png using Guid(c94c2e2b9bf12ca4680516aeed0708df) Importer(815301076,1909f56bfc062723c751e8b465ee728b)  -> (artifact id: 'a510e63489741d62d6204604d73afb0e') in 0.059327 seconds
  Import took 0.061730 seconds .

========================================================================
Received Import Request.
  Time since last request: 0.000189 seconds.
  path: Assets/Sprites/Player/world_bomb_hold.png
  artifactKey: Guid(09c6bf1cbce9be746b148f6019fd6750) Importer(815301076,1909f56bfc062723c751e8b465ee728b)
Start importing Assets/Sprites/Player/world_bomb_hold.png using Guid(09c6bf1cbce9be746b148f6019fd6750) Importer(815301076,1909f56bfc062723c751e8b465ee728b)  -> (artifact id: '65eb173deb098726eaba69e15a46eba5') in 0.092329 seconds
  Import took 0.094711 seconds .

========================================================================
Received Import Request.
  Time since last request: 0.000183 seconds.
  path: Assets/TileMap/pipes/PipeVerticalLeft1.asset
  artifactKey: Guid(b55701c14e00c274a8d305fb5f4466e4) Importer(815301076,1909f56bfc062723c751e8b465ee728b)
Start importing Assets/TileMap/pipes/PipeVerticalLeft1.asset using Guid(b55701c14e00c274a8d305fb5f4466e4) Importer(815301076,1909f56bfc062723c751e8b465ee728b)  -> (artifact id: '9f09581f168acdeb2cd0e5326cb9ea09') in 0.018687 seconds
  Import took 0.020996 seconds .

========================================================================
Received Import Request.
  Time since last request: 0.000098 seconds.
  path: Assets/TileMap/pipes/PipeVerticalLeft3.asset
  artifactKey: Guid(42e9ee043d3b72647b6ebde083c7e704) Importer(815301076,1909f56bfc062723c751e8b465ee728b)
Start importing Assets/TileMap/pipes/PipeVerticalLeft3.asset using Guid(42e9ee043d3b72647b6ebde083c7e704) Importer(815301076,1909f56bfc062723c751e8b465ee728b)  -> (artifact id: '4baa85e3c323be7446ceabc9c8da39f1') in 0.008453 seconds
  Import took 0.010799 seconds .

========================================================================
Received Import Request.
  Time since last request: 0.000135 seconds.
  path: Assets/TileMap/pipes/PipeVerticalLeft2.asset
  artifactKey: Guid(80157db2a3849ad4aaed2e9ba4e7915b) Importer(815301076,1909f56bfc062723c751e8b465ee728b)
Start importing Assets/TileMap/pipes/PipeVerticalLeft2.asset using Guid(80157db2a3849ad4aaed2e9ba4e7915b) Importer(815301076,1909f56bfc062723c751e8b465ee728b)  -> (artifact id: 'edfed1c0f25bd6a0ef2512c4cf027fc6') in 0.009250 seconds
  Import took 0.011637 seconds .

========================================================================
Received Import Request.
  Time since last request: 0.000108 seconds.
  path: Assets/TileMap/pipes/PipeVerticalRight4.asset
  artifactKey: Guid(dde7025478b83fd4f9f17d85684e3240) Importer(815301076,1909f56bfc062723c751e8b465ee728b)
Start importing Assets/TileMap/pipes/PipeVerticalRight4.asset using Guid(dde7025478b83fd4f9f17d85684e3240) Importer(815301076,1909f56bfc062723c751e8b465ee728b)  -> (artifact id: '063d03f750f77a0b8094a118868e9b34') in 0.008819 seconds
  Import took 0.011184 seconds .

========================================================================
Received Import Request.
  Time since last request: 0.000106 seconds.
  path: Assets/TileMap/pipes/PipeLeftCornerDown.asset
  artifactKey: Guid(2c85471436002b94890d9ca4b9dd8c8f) Importer(815301076,1909f56bfc062723c751e8b465ee728b)
Start importing Assets/TileMap/pipes/PipeLeftCornerDown.asset using Guid(2c85471436002b94890d9ca4b9dd8c8f) Importer(815301076,1909f56bfc062723c751e8b465ee728b)  -> (artifact id: '3368b47d78c5ab1fa22e98e4e998dca3') in 0.008919 seconds
  Import took 0.011278 seconds .

========================================================================
Received Import Request.
  Time since last request: 0.000111 seconds.
  path: Assets/TileMap/pipes/PipeHorizontalUp3.asset
  artifactKey: Guid(c8e179621f419d846a127ac146907d9c) Importer(815301076,1909f56bfc062723c751e8b465ee728b)
Start importing Assets/TileMap/pipes/PipeHorizontalUp3.asset using Guid(c8e179621f419d846a127ac146907d9c) Importer(815301076,1909f56bfc062723c751e8b465ee728b)  -> (artifact id: '59a2b281b62fe20e45e6931f738517b2') in 0.008816 seconds
  Import took 0.011512 seconds .

========================================================================
Received Import Request.
  Time since last request: 0.000113 seconds.
  path: Assets/TileMap/pipes/PipeLeftCornerUp.asset
  artifactKey: Guid(0fb71579849755a45a26bb5c9e0c8191) Importer(815301076,1909f56bfc062723c751e8b465ee728b)
Start importing Assets/TileMap/pipes/PipeLeftCornerUp.asset using Guid(0fb71579849755a45a26bb5c9e0c8191) Importer(815301076,1909f56bfc062723c751e8b465ee728b)  -> (artifact id: '0bddc0be38fa57eb18652032506ca5bd') in 0.009371 seconds
  Import took 0.011818 seconds .

========================================================================
Received Import Request.
  Time since last request: 0.000116 seconds.
  path: Assets/TileMap/pipes/PipeHorizontalDown4.asset
  artifactKey: Guid(192acca0a712cef47a15737d57b473c4) Importer(815301076,1909f56bfc062723c751e8b465ee728b)
Start importing Assets/TileMap/pipes/PipeHorizontalDown4.asset using Guid(192acca0a712cef47a15737d57b473c4) Importer(815301076,1909f56bfc062723c751e8b465ee728b)  -> (artifact id: '185021f3c2b5ef89b395fd67f544cb22') in 0.008708 seconds
  Import took 0.011187 seconds .

========================================================================
Received Import Request.
  Time since last request: 0.000103 seconds.
  path: Assets/TileMap/pipes/PipeHorizontalUp4.asset
  artifactKey: Guid(632b54b5b62d9be43bfc0f7d5eeb5631) Importer(815301076,1909f56bfc062723c751e8b465ee728b)
Start importing Assets/TileMap/pipes/PipeHorizontalUp4.asset using Guid(632b54b5b62d9be43bfc0f7d5eeb5631) Importer(815301076,1909f56bfc062723c751e8b465ee728b)  -> (artifact id: '482b0f3e3c0b9e8a4bdde9f2f693fead') in 0.008447 seconds
  Import took 0.010855 seconds .

========================================================================
Received Import Request.
  Time since last request: 0.000112 seconds.
  path: Assets/TileMap/pipes/PipeVerticalRight1.asset
  artifactKey: Guid(383b2e35e3e44c1498201e25c9cdadf3) Importer(815301076,1909f56bfc062723c751e8b465ee728b)
Start importing Assets/TileMap/pipes/PipeVerticalRight1.asset using Guid(383b2e35e3e44c1498201e25c9cdadf3) Importer(815301076,1909f56bfc062723c751e8b465ee728b)  -> (artifact id: '0f1d5dbc4adf6224f33bec1a08a70482') in 0.008328 seconds
  Import took 0.010715 seconds .

========================================================================
Received Import Request.
  Time since last request: 0.000097 seconds.
  path: Assets/TileMap/pipes/PipeRightCornerDown.asset
  artifactKey: Guid(8d73db9346654304eba18d9005b0a34c) Importer(815301076,1909f56bfc062723c751e8b465ee728b)
Start importing Assets/TileMap/pipes/PipeRightCornerDown.asset using Guid(8d73db9346654304eba18d9005b0a34c) Importer(815301076,1909f56bfc062723c751e8b465ee728b)  -> (artifact id: '40f1ebb5ee523dcf9159cd1a9cff883c') in 0.008396 seconds
  Import took 0.010784 seconds .

========================================================================
Received Import Request.
  Time since last request: 0.000116 seconds.
  path: Assets/TileMap/pipes/PipeHorizontalUp2.asset
  artifactKey: Guid(42c97605f8b21a544909ef6cca637c04) Importer(815301076,1909f56bfc062723c751e8b465ee728b)
Start importing Assets/TileMap/pipes/PipeHorizontalUp2.asset using Guid(42c97605f8b21a544909ef6cca637c04) Importer(815301076,1909f56bfc062723c751e8b465ee728b)  -> (artifact id: '451aca832a15d8c6dfce58afb76a249d') in 0.008601 seconds
  Import took 0.010983 seconds .

========================================================================
Received Import Request.
  Time since last request: 0.000137 seconds.
  path: Assets/TileMap/pipes/PipeVerticalRight3.asset
  artifactKey: Guid(48d70353f627d654ab9e0cf8fcec3765) Importer(815301076,1909f56bfc062723c751e8b465ee728b)
Start importing Assets/TileMap/pipes/PipeVerticalRight3.asset using Guid(48d70353f627d654ab9e0cf8fcec3765) Importer(815301076,1909f56bfc062723c751e8b465ee728b)  -> (artifact id: '7734b20156bf1a008babd29e3191b93b') in 0.008431 seconds
  Import took 0.010825 seconds .

========================================================================
Received Import Request.
  Time since last request: 0.000113 seconds.
  path: Assets/TileMap/pipes/PipeVerticalRight2.asset
  artifactKey: Guid(a9404fb632f3c0d46972ce34a44970f8) Importer(815301076,1909f56bfc062723c751e8b465ee728b)
Start importing Assets/TileMap/pipes/PipeVerticalRight2.asset using Guid(a9404fb632f3c0d46972ce34a44970f8) Importer(815301076,1909f56bfc062723c751e8b465ee728b)  -> (artifact id: 'ba5b444199e289e612cfd64b8e7085d1') in 0.008520 seconds
  Import took 0.010906 seconds .

========================================================================
Received Import Request.
  Time since last request: 0.000140 seconds.
  path: Assets/TileMap/pipes/PipeHorizontalUp1.asset
  artifactKey: Guid(1b9f98daaefb4304182536ff8f11dde6) Importer(815301076,1909f56bfc062723c751e8b465ee728b)
Start importing Assets/TileMap/pipes/PipeHorizontalUp1.asset using Guid(1b9f98daaefb4304182536ff8f11dde6) Importer(815301076,1909f56bfc062723c751e8b465ee728b)  -> (artifact id: '4a1e380de3235f285c97660653f056f5') in 0.008605 seconds
  Import took 0.011269 seconds .

========================================================================
Received Import Request.
  Time since last request: 0.000128 seconds.
  path: Assets/TileMap/pipes/PipeVerticalLeft4.asset
  artifactKey: Guid(4a6d08d72c7cc2041ad4788ec6d6f269) Importer(815301076,1909f56bfc062723c751e8b465ee728b)
Start importing Assets/TileMap/pipes/PipeVerticalLeft4.asset using Guid(4a6d08d72c7cc2041ad4788ec6d6f269) Importer(815301076,1909f56bfc062723c751e8b465ee728b)  -> (artifact id: '37dadab9a76f23d092d1c215f872e79d') in 0.008290 seconds
  Import took 0.010710 seconds .

========================================================================
Received Import Request.
  Time since last request: 0.000138 seconds.
  path: Assets/TileMap/pipes/PipeHorizontalDown2.asset
  artifactKey: Guid(05c0a631cbf5a8e43b80c7994254be3b) Importer(815301076,1909f56bfc062723c751e8b465ee728b)
Start importing Assets/TileMap/pipes/PipeHorizontalDown2.asset using Guid(05c0a631cbf5a8e43b80c7994254be3b) Importer(815301076,1909f56bfc062723c751e8b465ee728b)  -> (artifact id: 'f2d982fc50bc589891cbdf5a655292c6') in 0.008445 seconds
  Import took 0.010926 seconds .

========================================================================
Received Import Request.
  Time since last request: 0.000107 seconds.
  path: Assets/Sprites/Player/character_jump.png
  artifactKey: Guid(263bbf868f1c40ef9da04b8d96ce8d7b) Importer(815301076,1909f56bfc062723c751e8b465ee728b)
Start importing Assets/Sprites/Player/character_jump.png using Guid(263bbf868f1c40ef9da04b8d96ce8d7b) Importer(815301076,1909f56bfc062723c751e8b465ee728b)  -> (artifact id: '6e3358ef209d95f40feea397920c33b9') in 0.080622 seconds
  Import took 0.083093 seconds .

========================================================================
Received Import Request.
  Time since last request: 0.000180 seconds.
  path: Assets/Sprites/Player/character_walk.png
  artifactKey: Guid(3d2f599474fd4b2994881f42880ea8c6) Importer(815301076,1909f56bfc062723c751e8b465ee728b)
Start importing Assets/Sprites/Player/character_walk.png using Guid(3d2f599474fd4b2994881f42880ea8c6) Importer(815301076,1909f56bfc062723c751e8b465ee728b)  -> (artifact id: '4b08beccb49f2d1a0726e63a3513c478') in 0.063336 seconds
  Import took 0.065669 seconds .

========================================================================
Received Import Request.
  Time since last request: 0.000224 seconds.
  path: Assets/Sprites/Player/weapon_sword.png
  artifactKey: Guid(a1925e7d73214f63a8ddcce6bea40954) Importer(815301076,1909f56bfc062723c751e8b465ee728b)
Start importing Assets/Sprites/Player/weapon_sword.png using Guid(a1925e7d73214f63a8ddcce6bea40954) Importer(815301076,1909f56bfc062723c751e8b465ee728b)  -> (artifact id: '89aae66b73dbd7ec77571b5de8cfb450') in 0.057298 seconds
  Import took 0.059599 seconds .

========================================================================
Received Import Request.
  Time since last request: 0.000196 seconds.
  path: Assets/Sprites/Player/character_idle.png
  artifactKey: Guid(9c447c54c8e0416e9446cadb88c48fd3) Importer(815301076,1909f56bfc062723c751e8b465ee728b)
Start importing Assets/Sprites/Player/character_idle.png using Guid(9c447c54c8e0416e9446cadb88c48fd3) Importer(815301076,1909f56bfc062723c751e8b465ee728b)  -> (artifact id: '9f77ab2ade61e46c362b3f00140372b9') in 0.085805 seconds
  Import took 0.088183 seconds .

========================================================================
Received Import Request.
  Time since last request: 0.000182 seconds.
  path: Assets/Sprites/Player/character_crawl.png
  artifactKey: Guid(43eb704c8d3f4f02b188c5988c58b4fb) Importer(815301076,1909f56bfc062723c751e8b465ee728b)
Start importing Assets/Sprites/Player/character_crawl.png using Guid(43eb704c8d3f4f02b188c5988c58b4fb) Importer(815301076,1909f56bfc062723c751e8b465ee728b)  -> (artifact id: 'bab07c91b17965a7def40f6ed3a5d968') in 0.080446 seconds
  Import took 0.082932 seconds .

========================================================================
Received Import Request.
  Time since last request: 0.000186 seconds.
  path: Assets/Sprites/Player/character_hammer.png
  artifactKey: Guid(89d0d2c995a54eb2a3cb02091a983efd) Importer(815301076,1909f56bfc062723c751e8b465ee728b)
Start importing Assets/Sprites/Player/character_hammer.png using Guid(89d0d2c995a54eb2a3cb02091a983efd) Importer(815301076,1909f56bfc062723c751e8b465ee728b)  -> (artifact id: '973fb4487773dedfe481dc23775c8ea6') in 0.147441 seconds
  Import took 0.149957 seconds .

========================================================================
Received Import Request.
  Time since last request: 0.000181 seconds.
  path: Assets/Sprites/Player/CollisionLeft.png
  artifactKey: Guid(e5c3785872e66e44299ef1495ce1c8f5) Importer(815301076,1909f56bfc062723c751e8b465ee728b)
Start importing Assets/Sprites/Player/CollisionLeft.png using Guid(e5c3785872e66e44299ef1495ce1c8f5) Importer(815301076,1909f56bfc062723c751e8b465ee728b)  -> (artifact id: '5268765c8040833304d7079247b7da43') in 0.008814 seconds
  Import took 0.011093 seconds .

========================================================================
Received Import Request.
  Time since last request: 0.000133 seconds.
  path: Assets/Sprites/Player/world_desert.png
  artifactKey: Guid(0ece8860f6ff7b949bcc603e99fefe92) Importer(815301076,1909f56bfc062723c751e8b465ee728b)
Start importing Assets/Sprites/Player/world_desert.png using Guid(0ece8860f6ff7b949bcc603e99fefe92) Importer(815301076,1909f56bfc062723c751e8b465ee728b)  -> (artifact id: '960a1e1d0b7d04066aadec629e30de59') in 0.130155 seconds
  Import took 0.132674 seconds .

========================================================================
Received Import Request.
  Time since last request: 0.000214 seconds.
  path: Assets/TileMap/pipes/pipes.prefab
  artifactKey: Guid(d9bbdebe56d145d41a865e022f14a03f) Importer(815301076,1909f56bfc062723c751e8b465ee728b)
Start importing Assets/TileMap/pipes/pipes.prefab using Guid(d9bbdebe56d145d41a865e022f14a03f) Importer(815301076,1909f56bfc062723c751e8b465ee728b)  -> (artifact id: '413a140b71b31bb833996aacaa7707c8') in 0.009487 seconds
  Import took 0.011822 seconds .

========================================================================
Received Import Request.
  Time since last request: 0.000106 seconds.
  path: Assets/TileMap/pipes/PipeHorizontalDown1.asset
  artifactKey: Guid(75f036f75ef8a174894e58228d1183a5) Importer(815301076,1909f56bfc062723c751e8b465ee728b)
Start importing Assets/TileMap/pipes/PipeHorizontalDown1.asset using Guid(75f036f75ef8a174894e58228d1183a5) Importer(815301076,1909f56bfc062723c751e8b465ee728b)  -> (artifact id: 'aa10fd6e71edcd10bc5f8158bba78b93') in 0.009380 seconds
  Import took 0.011780 seconds .

========================================================================
Received Import Request.
  Time since last request: 0.000094 seconds.
  path: Assets/TileMap/pipes/PipeHorizontalDown3.asset
  artifactKey: Guid(b65e5183b941524489e5eefb59efaac2) Importer(815301076,1909f56bfc062723c751e8b465ee728b)
Start importing Assets/TileMap/pipes/PipeHorizontalDown3.asset using Guid(b65e5183b941524489e5eefb59efaac2) Importer(815301076,1909f56bfc062723c751e8b465ee728b)  -> (artifact id: 'b7f9801f1f6c7e8d7cbdb8a77b6fc859') in 0.008192 seconds
  Import took 0.010626 seconds .

========================================================================
Received Prepare
Registering precompiled user dll's ...
Registered in 0.000662 seconds.
Begin MonoManager ReloadAssembly
Native extension for WindowsStandalone target not found
Refreshing native plugins compatible for Editor in 0.42 ms, found 1 plugins.
Preloading 0 native plugins for Editor in 0.00 ms.
Invoked RoslynAnalysisRunner static constructor.
RoslynAnalysisRunner will not be running.
RoslynAnalysisRunner has terminated.
Mono: successfully reloaded assembly
- Completed reload, in  0.651 seconds
Platform modules already initialized, skipping
Refreshing native plugins compatible for Editor in 0.35 ms, found 1 plugins.
Preloading 0 native plugins for Editor in 0.00 ms.
Unloading 2107 Unused Serialized files (Serialized files now loaded: 0)
System memory in use before: 98.8 MB.
System memory in use after: 98.9 MB.

Unloading 9 unused Assets to reduce memory usage. Loaded Objects now: 2615.
Total: 1.556400 ms (FindLiveObjects: 0.196300 ms CreateObjectMapping: 0.073900 ms MarkObjects: 1.274500 ms  DeleteObjects: 0.011100 ms)

========================================================================
Received Prepare
Registering precompiled user dll's ...
Registered in 0.000628 seconds.
Begin MonoManager ReloadAssembly
Native extension for WindowsStandalone target not found
Refreshing native plugins compatible for Editor in 0.34 ms, found 1 plugins.
Preloading 0 native plugins for Editor in 0.00 ms.
Invoked RoslynAnalysisRunner static constructor.
RoslynAnalysisRunner will not be running.
RoslynAnalysisRunner has terminated.
Mono: successfully reloaded assembly
- Completed reload, in  0.619 seconds
Platform modules already initialized, skipping
Refreshing native plugins compatible for Editor in 0.34 ms, found 1 plugins.
Preloading 0 native plugins for Editor in 0.00 ms.
Unloading 2107 Unused Serialized files (Serialized files now loaded: 0)
System memory in use before: 98.9 MB.
System memory in use after: 99.0 MB.

Unloading 9 unused Assets to reduce memory usage. Loaded Objects now: 2618.
Total: 1.661200 ms (FindLiveObjects: 0.181300 ms CreateObjectMapping: 0.065100 ms MarkObjects: 1.402300 ms  DeleteObjects: 0.011800 ms)

========================================================================
Received Prepare
Registering precompiled user dll's ...
Registered in 0.000596 seconds.
Begin MonoManager ReloadAssembly
Native extension for WindowsStandalone target not found
Refreshing native plugins compatible for Editor in 0.35 ms, found 1 plugins.
Preloading 0 native plugins for Editor in 0.00 ms.
Invoked RoslynAnalysisRunner static constructor.
RoslynAnalysisRunner will not be running.
RoslynAnalysisRunner has terminated.
Mono: successfully reloaded assembly
- Completed reload, in  0.604 seconds
Platform modules already initialized, skipping
Refreshing native plugins compatible for Editor in 0.26 ms, found 1 plugins.
Preloading 0 native plugins for Editor in 0.00 ms.
Unloading 2107 Unused Serialized files (Serialized files now loaded: 0)
System memory in use before: 98.9 MB.
System memory in use after: 99.0 MB.

Unloading 9 unused Assets to reduce memory usage. Loaded Objects now: 2621.
Total: 1.725400 ms (FindLiveObjects: 0.160400 ms CreateObjectMapping: 0.079400 ms MarkObjects: 1.474300 ms  DeleteObjects: 0.010500 ms)

========================================================================
Received Import Request.
  Time since last request: 333.444015 seconds.
  path: Assets/TileMap/pipes/PipeVerticalLeft2.asset
  artifactKey: Guid(80157db2a3849ad4aaed2e9ba4e7915b) Importer(815301076,1909f56bfc062723c751e8b465ee728b)
Start importing Assets/TileMap/pipes/PipeVerticalLeft2.asset using Guid(80157db2a3849ad4aaed2e9ba4e7915b) Importer(815301076,1909f56bfc062723c751e8b465ee728b)  -> (artifact id: '1e917508069832eb1688b60ed90e00aa') in 0.034836 seconds
  Import took 0.037329 seconds .

========================================================================
Received Import Request.
  Time since last request: 0.000225 seconds.
  path: Assets/TileMap/pipes/PipeVerticalRight4.asset
  artifactKey: Guid(dde7025478b83fd4f9f17d85684e3240) Importer(815301076,1909f56bfc062723c751e8b465ee728b)
Start importing Assets/TileMap/pipes/PipeVerticalRight4.asset using Guid(dde7025478b83fd4f9f17d85684e3240) Importer(815301076,1909f56bfc062723c751e8b465ee728b)  -> (artifact id: 'cd195d812fd4a8531dd4ac4ed953e97c') in 0.010262 seconds
  Import took 0.012469 seconds .

========================================================================
Received Import Request.
  Time since last request: 0.000214 seconds.
  path: Assets/TileMap/pipes/PipeLeftCornerDown.asset
  artifactKey: Guid(2c85471436002b94890d9ca4b9dd8c8f) Importer(815301076,1909f56bfc062723c751e8b465ee728b)
Start importing Assets/TileMap/pipes/PipeLeftCornerDown.asset using Guid(2c85471436002b94890d9ca4b9dd8c8f) Importer(815301076,1909f56bfc062723c751e8b465ee728b)  -> (artifact id: 'a86efb22ddb42d42a0b8b4c451cc9ed1') in 0.011227 seconds
  Import took 0.013322 seconds .

========================================================================
Received Import Request.
  Time since last request: 0.000215 seconds.
  path: Assets/TileMap/pipes/PipeHorizontalUp3.asset
  artifactKey: Guid(c8e179621f419d846a127ac146907d9c) Importer(815301076,1909f56bfc062723c751e8b465ee728b)
Start importing Assets/TileMap/pipes/PipeHorizontalUp3.asset using Guid(c8e179621f419d846a127ac146907d9c) Importer(815301076,1909f56bfc062723c751e8b465ee728b)  -> (artifact id: '676d94f8b8d018db0f3661ddc37000f1') in 0.010045 seconds
  Import took 0.012157 seconds .

========================================================================
Received Import Request.
  Time since last request: 0.000163 seconds.
  path: Assets/TileMap/pipes/PipeLeftCornerUp.asset
  artifactKey: Guid(0fb71579849755a45a26bb5c9e0c8191) Importer(815301076,1909f56bfc062723c751e8b465ee728b)
Start importing Assets/TileMap/pipes/PipeLeftCornerUp.asset using Guid(0fb71579849755a45a26bb5c9e0c8191) Importer(815301076,1909f56bfc062723c751e8b465ee728b)  -> (artifact id: '144594c9029c770c0d2bb15fe2462a61') in 0.010771 seconds
  Import took 0.012872 seconds .

========================================================================
Received Import Request.
  Time since last request: 0.000226 seconds.
  path: Assets/TileMap/pipes/PipeHorizontalDown4.asset
  artifactKey: Guid(192acca0a712cef47a15737d57b473c4) Importer(815301076,1909f56bfc062723c751e8b465ee728b)
Start importing Assets/TileMap/pipes/PipeHorizontalDown4.asset using Guid(192acca0a712cef47a15737d57b473c4) Importer(815301076,1909f56bfc062723c751e8b465ee728b)  -> (artifact id: '3a9ba429c70950004d5d88cb079fd531') in 0.008771 seconds
  Import took 0.010830 seconds .

========================================================================
Received Import Request.
  Time since last request: 0.000218 seconds.
  path: Assets/TileMap/pipes/PipeHorizontalUp4.asset
  artifactKey: Guid(632b54b5b62d9be43bfc0f7d5eeb5631) Importer(815301076,1909f56bfc062723c751e8b465ee728b)
Start importing Assets/TileMap/pipes/PipeHorizontalUp4.asset using Guid(632b54b5b62d9be43bfc0f7d5eeb5631) Importer(815301076,1909f56bfc062723c751e8b465ee728b)  -> (artifact id: '2351e6c9a9c47f1666cb4aad5e5dfead') in 0.010059 seconds
  Import took 0.012158 seconds .

========================================================================
Received Import Request.
  Time since last request: 0.000223 seconds.
  path: Assets/TileMap/pipes/PipeVerticalRight1.asset
  artifactKey: Guid(383b2e35e3e44c1498201e25c9cdadf3) Importer(815301076,1909f56bfc062723c751e8b465ee728b)
Start importing Assets/TileMap/pipes/PipeVerticalRight1.asset using Guid(383b2e35e3e44c1498201e25c9cdadf3) Importer(815301076,1909f56bfc062723c751e8b465ee728b)  -> (artifact id: 'adc4addbbb9caa912c5f59beaa16af0f') in 0.009974 seconds
  Import took 0.012063 seconds .

========================================================================
Received Import Request.
  Time since last request: 0.000213 seconds.
  path: Assets/TileMap/pipes/PipeRightCornerDown.asset
  artifactKey: Guid(8d73db9346654304eba18d9005b0a34c) Importer(815301076,1909f56bfc062723c751e8b465ee728b)
Start importing Assets/TileMap/pipes/PipeRightCornerDown.asset using Guid(8d73db9346654304eba18d9005b0a34c) Importer(815301076,1909f56bfc062723c751e8b465ee728b)  -> (artifact id: '3a4a62b77ba5e1187aa0420a22522bd3') in 0.010416 seconds
  Import took 0.012626 seconds .

========================================================================
Received Import Request.
  Time since last request: 0.000218 seconds.
  path: Assets/TileMap/pipes/PipeHorizontalUp2.asset
  artifactKey: Guid(42c97605f8b21a544909ef6cca637c04) Importer(815301076,1909f56bfc062723c751e8b465ee728b)
Start importing Assets/TileMap/pipes/PipeHorizontalUp2.asset using Guid(42c97605f8b21a544909ef6cca637c04) Importer(815301076,1909f56bfc062723c751e8b465ee728b)  -> (artifact id: '40a3d835570c5d9b828164f105669418') in 0.010043 seconds
  Import took 0.012110 seconds .

========================================================================
Received Import Request.
  Time since last request: 0.000208 seconds.
  path: Assets/TileMap/pipes/PipeVerticalRight3.asset
  artifactKey: Guid(48d70353f627d654ab9e0cf8fcec3765) Importer(815301076,1909f56bfc062723c751e8b465ee728b)
Start importing Assets/TileMap/pipes/PipeVerticalRight3.asset using Guid(48d70353f627d654ab9e0cf8fcec3765) Importer(815301076,1909f56bfc062723c751e8b465ee728b)  -> (artifact id: '12ac1010607905be20fb5eaecfbb91bb') in 0.011931 seconds
  Import took 0.014042 seconds .

========================================================================
Received Import Request.
  Time since last request: 0.000219 seconds.
  path: Assets/TileMap/pipes/PipeVerticalRight2.asset
  artifactKey: Guid(a9404fb632f3c0d46972ce34a44970f8) Importer(815301076,1909f56bfc062723c751e8b465ee728b)
Start importing Assets/TileMap/pipes/PipeVerticalRight2.asset using Guid(a9404fb632f3c0d46972ce34a44970f8) Importer(815301076,1909f56bfc062723c751e8b465ee728b)  -> (artifact id: '207520e55d08ae4b231d4df86e05b6e0') in 0.010057 seconds
  Import took 0.012154 seconds .

========================================================================
Received Import Request.
  Time since last request: 0.000225 seconds.
  path: Assets/TileMap/pipes/PipeHorizontalUp1.asset
  artifactKey: Guid(1b9f98daaefb4304182536ff8f11dde6) Importer(815301076,1909f56bfc062723c751e8b465ee728b)
Start importing Assets/TileMap/pipes/PipeHorizontalUp1.asset using Guid(1b9f98daaefb4304182536ff8f11dde6) Importer(815301076,1909f56bfc062723c751e8b465ee728b)  -> (artifact id: '5a59d093f4f154e53356f6bcd68d6d8d') in 0.009925 seconds
  Import took 0.011991 seconds .

========================================================================
Received Import Request.
  Time since last request: 0.000217 seconds.
  path: Assets/TileMap/pipes/PipeVerticalLeft4.asset
  artifactKey: Guid(4a6d08d72c7cc2041ad4788ec6d6f269) Importer(815301076,1909f56bfc062723c751e8b465ee728b)
Start importing Assets/TileMap/pipes/PipeVerticalLeft4.asset using Guid(4a6d08d72c7cc2041ad4788ec6d6f269) Importer(815301076,1909f56bfc062723c751e8b465ee728b)  -> (artifact id: 'b9396ce08dfef692e15c9e66db83090c') in 0.010316 seconds
  Import took 0.012389 seconds .

========================================================================
Received Import Request.
  Time since last request: 0.000291 seconds.
  path: Assets/TileMap/pipes/PipeHorizontalDown2.asset
  artifactKey: Guid(05c0a631cbf5a8e43b80c7994254be3b) Importer(815301076,1909f56bfc062723c751e8b465ee728b)
Start importing Assets/TileMap/pipes/PipeHorizontalDown2.asset using Guid(05c0a631cbf5a8e43b80c7994254be3b) Importer(815301076,1909f56bfc062723c751e8b465ee728b)  -> (artifact id: '75dc5d6b78b8e3cad1e1c3084d3c0d7b') in 0.010082 seconds
  Import took 0.012209 seconds .

========================================================================
Received Import Request.
  Time since last request: 0.000222 seconds.
  path: Assets/TileMap/pipes/PipeVerticalLeft3.asset
  artifactKey: Guid(42e9ee043d3b72647b6ebde083c7e704) Importer(815301076,1909f56bfc062723c751e8b465ee728b)
Start importing Assets/TileMap/pipes/PipeVerticalLeft3.asset using Guid(42e9ee043d3b72647b6ebde083c7e704) Importer(815301076,1909f56bfc062723c751e8b465ee728b)  -> (artifact id: 'b8966e926df0299edea493b3f7b6cafc') in 0.010034 seconds
  Import took 0.012109 seconds .

========================================================================
Received Import Request.
  Time since last request: 0.000241 seconds.
  path: Assets/TileMap/pipes/PipeHorizontalDown1.asset
  artifactKey: Guid(75f036f75ef8a174894e58228d1183a5) Importer(815301076,1909f56bfc062723c751e8b465ee728b)
Start importing Assets/TileMap/pipes/PipeHorizontalDown1.asset using Guid(75f036f75ef8a174894e58228d1183a5) Importer(815301076,1909f56bfc062723c751e8b465ee728b)  -> (artifact id: '4fa659add3f81081a9629a3f1607d0d4') in 0.010222 seconds
  Import took 0.012366 seconds .

========================================================================
Received Import Request.
  Time since last request: 0.000213 seconds.
  path: Assets/TileMap/pipes/PipeVerticalLeft1.asset
  artifactKey: Guid(b55701c14e00c274a8d305fb5f4466e4) Importer(815301076,1909f56bfc062723c751e8b465ee728b)
Start importing Assets/TileMap/pipes/PipeVerticalLeft1.asset using Guid(b55701c14e00c274a8d305fb5f4466e4) Importer(815301076,1909f56bfc062723c751e8b465ee728b)  -> (artifact id: '2c0bfc2334e47e8cf0daf134f1f8abea') in 0.010036 seconds
  Import took 0.012341 seconds .

========================================================================
Received Import Request.
  Time since last request: 0.000221 seconds.
  path: Assets/TileMap/pipes/PipeHorizontalDown3.asset
  artifactKey: Guid(b65e5183b941524489e5eefb59efaac2) Importer(815301076,1909f56bfc062723c751e8b465ee728b)
Start importing Assets/TileMap/pipes/PipeHorizontalDown3.asset using Guid(b65e5183b941524489e5eefb59efaac2) Importer(815301076,1909f56bfc062723c751e8b465ee728b)  -> (artifact id: '6c4ec00e87abb983395d73f54814f2fa') in 0.010784 seconds
  Import took 0.012970 seconds .

