Using pre-set license
Built from '2020.3/staging' branch; Version is '2020.3.0f1 (c7b5465681fb) revision 13088070'; Using compiler version '192528614'; Build Type 'Release'
OS: 'Windows 10 Pro; OS build 19042.867; Version 2009; 64bit' Language: 'de' Physical Memory: 32690 MB
BatchMode: 1, IsHumanControllingUs: 0, StartBugReporterOnCrash: 0, Is64bit: 1, IsPro: 0

 COMMAND LINE ARGUMENTS:
C:\Program Files\Unity\Hub\Editor\2020.3.0f1\Editor\Unity.exe
-adb2
-batchMode
-noUpm
-name
AssetImportWorker0
-projectPath
C:/Users/Admin/Documents/GitHub/DamnGame
-logFile
Logs/AssetImportWorker0.log
-srvPort
55597
Successfully changed project path to: C:/Users/Admin/Documents/GitHub/DamnGame
C:/Users/Admin/Documents/GitHub/DamnGame
Using Asset Import Pipeline V2.
Refreshing native plugins compatible for Editor in 31.77 ms, found 1 plugins.
Preloading 0 native plugins for Editor in 0.00 ms.
Initialize engine version: 2020.3.0f1 (c7b5465681fb)
[Subsystems] Discovering subsystems at path C:/Program Files/Unity/Hub/Editor/2020.3.0f1/Editor/Data/Resources/UnitySubsystems
[Subsystems] Discovering subsystems at path C:/Users/Admin/Documents/GitHub/DamnGame/Assets
GfxDevice: creating device client; threaded=0
Direct3D:
    Version:  Direct3D 11.0 [level 11.1]
    Renderer: NVIDIA GeForce RTX 3080 (ID=0x2206)
    Vendor:   
    VRAM:     10078 MB
    Driver:   27.21.14.6140
Initialize mono
Mono path[0] = 'C:/Program Files/Unity/Hub/Editor/2020.3.0f1/Editor/Data/Managed'
Mono path[1] = 'C:/Program Files/Unity/Hub/Editor/2020.3.0f1/Editor/Data/MonoBleedingEdge/lib/mono/unityjit'
Mono config path = 'C:/Program Files/Unity/Hub/Editor/2020.3.0f1/Editor/Data/MonoBleedingEdge/etc'
Using monoOptions --debugger-agent=transport=dt_socket,embedding=1,server=y,suspend=n,address=127.0.0.1:56944
Begin MonoManager ReloadAssembly
Registering precompiled unity dll's ...
Register platform support module: C:/Program Files/Unity/Hub/Editor/2020.3.0f1/Editor/Data/PlaybackEngines/WindowsStandaloneSupport/UnityEditor.WindowsStandalone.Extensions.dll
Registered in 0.001224 seconds.
Native extension for WindowsStandalone target not found
Refreshing native plugins compatible for Editor in 31.82 ms, found 1 plugins.
Preloading 0 native plugins for Editor in 0.00 ms.
Invoked RoslynAnalysisRunner static constructor.
RoslynAnalysisRunner will not be running.
RoslynAnalysisRunner has terminated.
Mono: successfully reloaded assembly
- Completed reload, in  0.687 seconds
Platform modules already initialized, skipping
Registering precompiled user dll's ...
Registered in 0.000611 seconds.
Begin MonoManager ReloadAssembly
Native extension for WindowsStandalone target not found
Refreshing native plugins compatible for Editor in 32.10 ms, found 1 plugins.
Preloading 0 native plugins for Editor in 0.00 ms.
Invoked RoslynAnalysisRunner static constructor.
RoslynAnalysisRunner will not be running.
RoslynAnalysisRunner has terminated.
Mono: successfully reloaded assembly
- Completed reload, in  0.688 seconds
Platform modules already initialized, skipping
========================================================================
Worker process is ready to serve import requests
Launched and connected shader compiler UnityShaderCompiler.exe after 0.02 seconds
Refreshing native plugins compatible for Editor in 0.38 ms, found 1 plugins.
Preloading 0 native plugins for Editor in 0.00 ms.
Unloading 2116 Unused Serialized files (Serialized files now loaded: 0)
System memory in use before: 95.7 MB.
System memory in use after: 95.8 MB.

Unloading 21 unused Assets to reduce memory usage. Loaded Objects now: 2568.
Total: 1.830000 ms (FindLiveObjects: 0.204200 ms CreateObjectMapping: 0.103000 ms MarkObjects: 1.475900 ms  DeleteObjects: 0.046100 ms)

========================================================================
Received Import Request.
  path: Assets/Images/Resources/Wood.png
  artifactKey: Guid(c8ed38c22ec3a7e409408099deac3781) Importer(815301076,1909f56bfc062723c751e8b465ee728b)
Start importing Assets/Images/Resources/Wood.png using Guid(c8ed38c22ec3a7e409408099deac3781) Importer(815301076,1909f56bfc062723c751e8b465ee728b)  -> (artifact id: '1ad762ceb3d9b449ea8b9b9b6695e3b1') in 0.064267 seconds
  Import took 0.066833 seconds .

========================================================================
Received Import Request.
  Time since last request: 0.000205 seconds.
  path: Assets/Images/Resources/StoneWallRight.png
  artifactKey: Guid(01cf48de9c80e4d428aa4db2706564a6) Importer(815301076,1909f56bfc062723c751e8b465ee728b)
Start importing Assets/Images/Resources/StoneWallRight.png using Guid(01cf48de9c80e4d428aa4db2706564a6) Importer(815301076,1909f56bfc062723c751e8b465ee728b)  -> (artifact id: '11a740feb51c4b7a6680e305a5caef11') in 0.009628 seconds
  Import took 0.011938 seconds .

========================================================================
Received Import Request.
  Time since last request: 0.000214 seconds.
  path: Assets/Images/Resources/TreeGreen.png
  artifactKey: Guid(1890e2a84f6fedf4fb6690554ed69e2d) Importer(815301076,1909f56bfc062723c751e8b465ee728b)
Start importing Assets/Images/Resources/TreeGreen.png using Guid(1890e2a84f6fedf4fb6690554ed69e2d) Importer(815301076,1909f56bfc062723c751e8b465ee728b)  -> (artifact id: '65867bfca4df54ec8fe8cc787c483719') in 0.011612 seconds
  Import took 0.014299 seconds .

========================================================================
Received Import Request.
  Time since last request: 0.000135 seconds.
  path: Assets/Images/Resources/Rock.png
  artifactKey: Guid(f179696c7c5178244b4c56f288da31f4) Importer(815301076,1909f56bfc062723c751e8b465ee728b)
Start importing Assets/Images/Resources/Rock.png using Guid(f179696c7c5178244b4c56f288da31f4) Importer(815301076,1909f56bfc062723c751e8b465ee728b)  -> (artifact id: '95125f3c0359916db60dbfa5fff25ee9') in 0.009486 seconds
  Import took 0.011849 seconds .

========================================================================
Received Import Request.
  Time since last request: 0.000102 seconds.
  path: Assets/Images/Resources/BranchLeft.png
  artifactKey: Guid(f5a580ee79368644bb9cb1b359c2788d) Importer(815301076,1909f56bfc062723c751e8b465ee728b)
Start importing Assets/Images/Resources/BranchLeft.png using Guid(f5a580ee79368644bb9cb1b359c2788d) Importer(815301076,1909f56bfc062723c751e8b465ee728b)  -> (artifact id: 'c41d348da54fc71a1ce2d2b87ce2871f') in 0.009803 seconds
  Import took 0.012115 seconds .

========================================================================
Received Import Request.
  Time since last request: 0.000094 seconds.
  path: Assets/Images/Resources/Stone.png
  artifactKey: Guid(32eaf18da5886d449aeca3212c5e10eb) Importer(815301076,1909f56bfc062723c751e8b465ee728b)
Start importing Assets/Images/Resources/Stone.png using Guid(32eaf18da5886d449aeca3212c5e10eb) Importer(815301076,1909f56bfc062723c751e8b465ee728b)  -> (artifact id: 'f83d7d5dfdd14c2b044e505f6bbc6e3b') in 0.009355 seconds
  Import took 0.011732 seconds .

========================================================================
Received Import Request.
  Time since last request: 0.000226 seconds.
  path: Assets/Images/Resources/BranchRight.png
  artifactKey: Guid(2dd6284041d30da4083448c070ca793e) Importer(815301076,1909f56bfc062723c751e8b465ee728b)
Start importing Assets/Images/Resources/BranchRight.png using Guid(2dd6284041d30da4083448c070ca793e) Importer(815301076,1909f56bfc062723c751e8b465ee728b)  -> (artifact id: '13e142fabfa0a6061ad0e3832af6b48e') in 0.009678 seconds
  Import took 0.012129 seconds .

========================================================================
Received Import Request.
  Time since last request: 0.000129 seconds.
  path: Assets/Images/Resources/OreWallLeft.png
  artifactKey: Guid(919a8778dbd46f340952b5f6bc7c55c2) Importer(815301076,1909f56bfc062723c751e8b465ee728b)
Start importing Assets/Images/Resources/OreWallLeft.png using Guid(919a8778dbd46f340952b5f6bc7c55c2) Importer(815301076,1909f56bfc062723c751e8b465ee728b)  -> (artifact id: 'c9c8883256b5e134899ee298d0617b60') in 0.009640 seconds
  Import took 0.011976 seconds .

========================================================================
Received Import Request.
  Time since last request: 0.000185 seconds.
  path: Assets/Images/Resources/WoodenPlank.png
  artifactKey: Guid(ebe39f3b203855545ad172fbaa89adf9) Importer(815301076,1909f56bfc062723c751e8b465ee728b)
Start importing Assets/Images/Resources/WoodenPlank.png using Guid(ebe39f3b203855545ad172fbaa89adf9) Importer(815301076,1909f56bfc062723c751e8b465ee728b)  -> (artifact id: '5f9bf24d8dea0e718129598771816bf2') in 0.009374 seconds
  Import took 0.011676 seconds .

========================================================================
Received Import Request.
  Time since last request: 0.000137 seconds.
  path: Assets/Images/Resources/StoneWallLeft.png
  artifactKey: Guid(320d42672c435ed418e9acbe22aaf8a0) Importer(815301076,1909f56bfc062723c751e8b465ee728b)
Start importing Assets/Images/Resources/StoneWallLeft.png using Guid(320d42672c435ed418e9acbe22aaf8a0) Importer(815301076,1909f56bfc062723c751e8b465ee728b)  -> (artifact id: '82133c8c67248d5fba60ae0aff5e3683') in 0.009411 seconds
  Import took 0.011824 seconds .

========================================================================
Received Import Request.
  Time since last request: 0.000186 seconds.
  path: Assets/Images/Resources/OreWallRight.png
  artifactKey: Guid(9161e02a9141ca742ae682334c03c03b) Importer(815301076,1909f56bfc062723c751e8b465ee728b)
Start importing Assets/Images/Resources/OreWallRight.png using Guid(9161e02a9141ca742ae682334c03c03b) Importer(815301076,1909f56bfc062723c751e8b465ee728b)  -> (artifact id: 'eddf83a127f7225810c77ae790029384') in 0.010383 seconds
  Import took 0.012829 seconds .

========================================================================
Received Import Request.
  Time since last request: 1060.826834 seconds.
  path: Assets/TileMap/block.asset
  artifactKey: Guid(4c3ab65623bb7f14c97176f63794c9a4) Importer(815301076,1909f56bfc062723c751e8b465ee728b)
Start importing Assets/TileMap/block.asset using Guid(4c3ab65623bb7f14c97176f63794c9a4) Importer(815301076,1909f56bfc062723c751e8b465ee728b)  -> (artifact id: 'e2ed4739e2678324abd97cf94288413c') in 0.043707 seconds
  Import took 0.046728 seconds .

========================================================================
Received Import Request.
  Time since last request: 0.000233 seconds.
  path: Assets/TileMap/GroundWallDownCornerRight.asset
  artifactKey: Guid(add2c8080b592f440a0c811190c0c455) Importer(815301076,1909f56bfc062723c751e8b465ee728b)
Start importing Assets/TileMap/GroundWallDownCornerRight.asset using Guid(add2c8080b592f440a0c811190c0c455) Importer(815301076,1909f56bfc062723c751e8b465ee728b)  -> (artifact id: '8c936d29469b83acd7a9534d6129886b') in 0.010588 seconds
  Import took 0.012971 seconds .

========================================================================
Received Import Request.
  Time since last request: 0.000114 seconds.
  path: Assets/TileMap/WallTileRight2.asset
  artifactKey: Guid(d88ad821c3242dc409f5c66725de2dbb) Importer(815301076,1909f56bfc062723c751e8b465ee728b)
Start importing Assets/TileMap/WallTileRight2.asset using Guid(d88ad821c3242dc409f5c66725de2dbb) Importer(815301076,1909f56bfc062723c751e8b465ee728b)  -> (artifact id: '7a79215ab1f45e5b36130dbeaaa94934') in 0.037832 seconds
  Import took 0.040267 seconds .

========================================================================
Received Import Request.
  Time since last request: 0.000113 seconds.
  path: Assets/TileMap/mountain.prefab
  artifactKey: Guid(e891e83b09eaddc42ba308c75246921f) Importer(815301076,1909f56bfc062723c751e8b465ee728b)
Start importing Assets/TileMap/mountain.prefab using Guid(e891e83b09eaddc42ba308c75246921f) Importer(815301076,1909f56bfc062723c751e8b465ee728b)  -> (artifact id: 'ff100c17ee95f76e172e8187fa314f57') in 0.010185 seconds
  Import took 0.012607 seconds .

========================================================================
Received Import Request.
  Time since last request: 0.000130 seconds.
  path: Assets/TileMap/WallTileRight1.asset
  artifactKey: Guid(2becd409ea5a4604c86b986977270ea4) Importer(815301076,1909f56bfc062723c751e8b465ee728b)
Start importing Assets/TileMap/WallTileRight1.asset using Guid(2becd409ea5a4604c86b986977270ea4) Importer(815301076,1909f56bfc062723c751e8b465ee728b)  -> (artifact id: '52b1d36800d929751853787740da22a6') in 0.013508 seconds
  Import took 0.015847 seconds .

========================================================================
Received Import Request.
  Time since last request: 0.000096 seconds.
  path: Assets/TileMap/GroundTileMiddleUp.asset
  artifactKey: Guid(f11d47933a8dbe04e80d3771d355519e) Importer(815301076,1909f56bfc062723c751e8b465ee728b)
Start importing Assets/TileMap/GroundTileMiddleUp.asset using Guid(f11d47933a8dbe04e80d3771d355519e) Importer(815301076,1909f56bfc062723c751e8b465ee728b)  -> (artifact id: '3644c9e12e0fa2448b950459518a7399') in 0.049815 seconds
  Import took 0.052137 seconds .

========================================================================
Received Import Request.
  Time since last request: 0.000168 seconds.
  path: Assets/TileMap/PlattformTileCornerLeftDown.asset
  artifactKey: Guid(89e2e4fbd592d5744a211f0f55a9c3e8) Importer(815301076,1909f56bfc062723c751e8b465ee728b)
Start importing Assets/TileMap/PlattformTileCornerLeftDown.asset using Guid(89e2e4fbd592d5744a211f0f55a9c3e8) Importer(815301076,1909f56bfc062723c751e8b465ee728b)  -> (artifact id: '33347fa5193dc5ee07e3b0c250612ee4') in 0.011570 seconds
  Import took 0.013909 seconds .

========================================================================
Received Import Request.
  Time since last request: 0.000140 seconds.
  path: Assets/TileMap/GroundTileMiddleDown.asset
  artifactKey: Guid(607ebe333855e214c8a040584bea76fc) Importer(815301076,1909f56bfc062723c751e8b465ee728b)
Start importing Assets/TileMap/GroundTileMiddleDown.asset using Guid(607ebe333855e214c8a040584bea76fc) Importer(815301076,1909f56bfc062723c751e8b465ee728b)  -> (artifact id: 'd3e05350490cf0996224a56a58b9f3a9') in 0.033457 seconds
  Import took 0.035814 seconds .

========================================================================
Received Import Request.
  Time since last request: 0.000189 seconds.
  path: Assets/TileMap/GroundTileMiddleLeft.asset
  artifactKey: Guid(ce1c5cc6923980143a498f29a0321aac) Importer(815301076,1909f56bfc062723c751e8b465ee728b)
Start importing Assets/TileMap/GroundTileMiddleLeft.asset using Guid(ce1c5cc6923980143a498f29a0321aac) Importer(815301076,1909f56bfc062723c751e8b465ee728b)  -> (artifact id: '86ed7a701a488aadcee08492243013cd') in 0.009827 seconds
  Import took 0.012194 seconds .

========================================================================
Received Import Request.
  Time since last request: 0.000142 seconds.
  path: Assets/TileMap/PlattformTileCornerLeftUp.asset
  artifactKey: Guid(5c835e5c3e2e6bd439ec5bcac9d5a892) Importer(815301076,1909f56bfc062723c751e8b465ee728b)
Start importing Assets/TileMap/PlattformTileCornerLeftUp.asset using Guid(5c835e5c3e2e6bd439ec5bcac9d5a892) Importer(815301076,1909f56bfc062723c751e8b465ee728b)  -> (artifact id: '5911959d23a4690bd32b6b49aa958a8c') in 0.012549 seconds
  Import took 0.014974 seconds .

========================================================================
Received Import Request.
  Time since last request: 0.000117 seconds.
  path: Assets/TileMap/GroundTileRightCornerDown.asset
  artifactKey: Guid(d2531667d801c154cacde7de9e6251e8) Importer(815301076,1909f56bfc062723c751e8b465ee728b)
Start importing Assets/TileMap/GroundTileRightCornerDown.asset using Guid(d2531667d801c154cacde7de9e6251e8) Importer(815301076,1909f56bfc062723c751e8b465ee728b)  -> (artifact id: '179e99a6e7c7f689eef068579a8a00b1') in 0.013902 seconds
  Import took 0.016343 seconds .

========================================================================
Received Import Request.
  Time since last request: 0.000163 seconds.
  path: Assets/TileMap/WallTileLeft1.asset
  artifactKey: Guid(7e4e30048eb4b8a4fb16111994ccb606) Importer(815301076,1909f56bfc062723c751e8b465ee728b)
Start importing Assets/TileMap/WallTileLeft1.asset using Guid(7e4e30048eb4b8a4fb16111994ccb606) Importer(815301076,1909f56bfc062723c751e8b465ee728b)  -> (artifact id: '76f882436a4d3c47d257bef3801d9091') in 0.047739 seconds
  Import took 0.050198 seconds .

========================================================================
Received Import Request.
  Time since last request: 0.000153 seconds.
  path: Assets/TileMap/GroundTileLeftCornerDown.asset
  artifactKey: Guid(2f11e78e6e1ea5943a7617a99aeb7ae6) Importer(815301076,1909f56bfc062723c751e8b465ee728b)
Start importing Assets/TileMap/GroundTileLeftCornerDown.asset using Guid(2f11e78e6e1ea5943a7617a99aeb7ae6) Importer(815301076,1909f56bfc062723c751e8b465ee728b)  -> (artifact id: '36d3650526028dc123988dec41286257') in 0.009009 seconds
  Import took 0.011446 seconds .

========================================================================
Received Import Request.
  Time since last request: 0.000134 seconds.
  path: Assets/TileMap/GroundTileRightCornerUp.asset
  artifactKey: Guid(3ebd3c2dad952264289fb3557e4e0b2a) Importer(815301076,1909f56bfc062723c751e8b465ee728b)
Start importing Assets/TileMap/GroundTileRightCornerUp.asset using Guid(3ebd3c2dad952264289fb3557e4e0b2a) Importer(815301076,1909f56bfc062723c751e8b465ee728b)  -> (artifact id: '482ed5a9b0e42000cc0f676ed580222a') in 0.009654 seconds
  Import took 0.012052 seconds .

========================================================================
Received Import Request.
  Time since last request: 0.000121 seconds.
  path: Assets/TileMap/PlatformTileRightCorner.asset
  artifactKey: Guid(7c80f6233303f9248a4350fb0a821f68) Importer(815301076,1909f56bfc062723c751e8b465ee728b)
Start importing Assets/TileMap/PlatformTileRightCorner.asset using Guid(7c80f6233303f9248a4350fb0a821f68) Importer(815301076,1909f56bfc062723c751e8b465ee728b)  -> (artifact id: '98cc230810f40c95919a9ecb2346dd51') in 0.010570 seconds
  Import took 0.012998 seconds .

========================================================================
Received Import Request.
  Time since last request: 0.000106 seconds.
  path: Assets/TileMap/GroundTileMiddleRight.asset
  artifactKey: Guid(b62bd535cb8ccbe4d8125b262f094a2a) Importer(815301076,1909f56bfc062723c751e8b465ee728b)
Start importing Assets/TileMap/GroundTileMiddleRight.asset using Guid(b62bd535cb8ccbe4d8125b262f094a2a) Importer(815301076,1909f56bfc062723c751e8b465ee728b)  -> (artifact id: '040f61518deeaf1438a12e9eb351a3d0') in 0.008782 seconds
  Import took 0.011161 seconds .

========================================================================
Received Import Request.
  Time since last request: 0.000138 seconds.
  path: Assets/TileMap/PlatformTileLeftCorner.asset
  artifactKey: Guid(68c3688e27da6e645b1399051c4f4246) Importer(815301076,1909f56bfc062723c751e8b465ee728b)
Start importing Assets/TileMap/PlatformTileLeftCorner.asset using Guid(68c3688e27da6e645b1399051c4f4246) Importer(815301076,1909f56bfc062723c751e8b465ee728b)  -> (artifact id: 'fd11481548cc86d241f1f20bee31d156') in 0.008918 seconds
  Import took 0.011457 seconds .

========================================================================
Received Import Request.
  Time since last request: 0.000137 seconds.
  path: Assets/TileMap/PlattformTileCornerRightDown.asset
  artifactKey: Guid(304a93beb011c7d4cad2f10610f92e9f) Importer(815301076,1909f56bfc062723c751e8b465ee728b)
Start importing Assets/TileMap/PlattformTileCornerRightDown.asset using Guid(304a93beb011c7d4cad2f10610f92e9f) Importer(815301076,1909f56bfc062723c751e8b465ee728b)  -> (artifact id: '5877b3883b875d392321db47326127a9') in 0.009116 seconds
  Import took 0.011434 seconds .

========================================================================
Received Import Request.
  Time since last request: 0.000139 seconds.
  path: Assets/TileMap/PlattformTileCornerRightUp.asset
  artifactKey: Guid(f6a62499427d1d749af805e805223f38) Importer(815301076,1909f56bfc062723c751e8b465ee728b)
Start importing Assets/TileMap/PlattformTileCornerRightUp.asset using Guid(f6a62499427d1d749af805e805223f38) Importer(815301076,1909f56bfc062723c751e8b465ee728b)  -> (artifact id: '69803e02d6f175cc49fa53ccfa6fe97d') in 0.009237 seconds
  Import took 0.011706 seconds .

========================================================================
Received Import Request.
  Time since last request: 0.000105 seconds.
  path: Assets/TileMap/WallTileLeft2.asset
  artifactKey: Guid(ed45f8ef6bcdab24e923e852cd849431) Importer(815301076,1909f56bfc062723c751e8b465ee728b)
Start importing Assets/TileMap/WallTileLeft2.asset using Guid(ed45f8ef6bcdab24e923e852cd849431) Importer(815301076,1909f56bfc062723c751e8b465ee728b)  -> (artifact id: '7a625166152c2f4c20000f299ed8df3e') in 0.008876 seconds
  Import took 0.011359 seconds .

========================================================================
Received Import Request.
  Time since last request: 0.000108 seconds.
  path: Assets/TileMap/GroundTileLeftCornerUp.asset
  artifactKey: Guid(4d4b0088a577baa4abb39de8bc0878b7) Importer(815301076,1909f56bfc062723c751e8b465ee728b)
Start importing Assets/TileMap/GroundTileLeftCornerUp.asset using Guid(4d4b0088a577baa4abb39de8bc0878b7) Importer(815301076,1909f56bfc062723c751e8b465ee728b)  -> (artifact id: 'b5f5021bc4810c4e9e94cc5180ba7d8a') in 0.009293 seconds
  Import took 0.011689 seconds .

========================================================================
Received Import Request.
  Time since last request: 0.000095 seconds.
  path: Assets/TileMap/GroundWallCornerLeft.asset
  artifactKey: Guid(8d9a38846e40df84ea0048264e33177e) Importer(815301076,1909f56bfc062723c751e8b465ee728b)
Start importing Assets/TileMap/GroundWallCornerLeft.asset using Guid(8d9a38846e40df84ea0048264e33177e) Importer(815301076,1909f56bfc062723c751e8b465ee728b)  -> (artifact id: '6d791747b37c517b86941f3849749f18') in 0.010086 seconds
  Import took 0.012407 seconds .

========================================================================
Received Import Request.
  Time since last request: 0.000100 seconds.
  path: Assets/TileMap/GroundTileDarkPurple.asset
  artifactKey: Guid(95b2d5a7234619741a2737f0bb39de5a) Importer(815301076,1909f56bfc062723c751e8b465ee728b)
Start importing Assets/TileMap/GroundTileDarkPurple.asset using Guid(95b2d5a7234619741a2737f0bb39de5a) Importer(815301076,1909f56bfc062723c751e8b465ee728b)  -> (artifact id: '7a1d8b932aa8f2ad3ef82e53e18a49b8') in 0.005202 seconds
  Import took 0.007510 seconds .

========================================================================
Received Import Request.
  Time since last request: 0.000118 seconds.
  path: Assets/TileMap/GroundWallDownCornerLeft.asset
  artifactKey: Guid(6e84a505492fe7e499c90ee14fdca745) Importer(815301076,1909f56bfc062723c751e8b465ee728b)
Start importing Assets/TileMap/GroundWallDownCornerLeft.asset using Guid(6e84a505492fe7e499c90ee14fdca745) Importer(815301076,1909f56bfc062723c751e8b465ee728b)  -> (artifact id: '4aec0eb4ffb9a9f86cfcabc48c3e444d') in 0.009287 seconds
  Import took 0.011656 seconds .

========================================================================
Received Import Request.
  Time since last request: 0.000109 seconds.
  path: Assets/TileMap/GroundTileDarkBlue.asset
  artifactKey: Guid(8979417c4ce95a843bc97de3f47b0a6c) Importer(815301076,1909f56bfc062723c751e8b465ee728b)
Start importing Assets/TileMap/GroundTileDarkBlue.asset using Guid(8979417c4ce95a843bc97de3f47b0a6c) Importer(815301076,1909f56bfc062723c751e8b465ee728b)  -> (artifact id: '3e95cb1a0eb44f0dca057f9de906cd1c') in 0.008625 seconds
  Import took 0.011148 seconds .

========================================================================
Received Import Request.
  Time since last request: 0.000116 seconds.
  path: Assets/TileMap/GroundWallCornerRight.asset
  artifactKey: Guid(b6cdb28c1f7e7d540a500af3d28924d0) Importer(815301076,1909f56bfc062723c751e8b465ee728b)
Start importing Assets/TileMap/GroundWallCornerRight.asset using Guid(b6cdb28c1f7e7d540a500af3d28924d0) Importer(815301076,1909f56bfc062723c751e8b465ee728b)  -> (artifact id: '4d3dacd4363f54057f7f8c925980a602') in 0.009015 seconds
  Import took 0.011410 seconds .

========================================================================
Received Import Request.
  Time since last request: 0.000110 seconds.
  path: Assets/TileMap/PlatformTileMiddle.asset
  artifactKey: Guid(ac71f82d288d2af4790bcf00d8a3d525) Importer(815301076,1909f56bfc062723c751e8b465ee728b)
Start importing Assets/TileMap/PlatformTileMiddle.asset using Guid(ac71f82d288d2af4790bcf00d8a3d525) Importer(815301076,1909f56bfc062723c751e8b465ee728b)  -> (artifact id: '441460679318584269fc18eaca6a4ea7') in 0.009316 seconds
  Import took 0.011715 seconds .

========================================================================
Received Prepare
Registering precompiled user dll's ...
Registered in 0.000738 seconds.
Begin MonoManager ReloadAssembly
Native extension for WindowsStandalone target not found
Refreshing native plugins compatible for Editor in 0.34 ms, found 1 plugins.
Preloading 0 native plugins for Editor in 0.00 ms.
Invoked RoslynAnalysisRunner static constructor.
RoslynAnalysisRunner will not be running.
RoslynAnalysisRunner has terminated.
Mono: successfully reloaded assembly
- Completed reload, in  0.616 seconds
Platform modules already initialized, skipping
Refreshing native plugins compatible for Editor in 0.30 ms, found 1 plugins.
Preloading 0 native plugins for Editor in 0.00 ms.
Unloading 2107 Unused Serialized files (Serialized files now loaded: 0)
System memory in use before: 98.6 MB.
System memory in use after: 98.7 MB.

Unloading 9 unused Assets to reduce memory usage. Loaded Objects now: 2581.
Total: 1.610200 ms (FindLiveObjects: 0.222200 ms CreateObjectMapping: 0.078200 ms MarkObjects: 1.298700 ms  DeleteObjects: 0.010400 ms)

========================================================================
Received Import Request.
  Time since last request: 13.178786 seconds.
  path: Assets/TileMap/mountain.prefab
  artifactKey: Guid(e891e83b09eaddc42ba308c75246921f) Importer(815301076,1909f56bfc062723c751e8b465ee728b)
Start importing Assets/TileMap/mountain.prefab using Guid(e891e83b09eaddc42ba308c75246921f) Importer(815301076,1909f56bfc062723c751e8b465ee728b)  -> (artifact id: 'c367bf740488afb93cd8e7d73170e955') in 0.016864 seconds
  Import took 0.019554 seconds .

========================================================================
Received Import Request.
  Time since last request: 78.717796 seconds.
  path: Assets/Images/block.png
  artifactKey: Guid(f3e8b47ba3af0d24e8b37c91c44e25f7) Importer(815301076,1909f56bfc062723c751e8b465ee728b)
Start importing Assets/Images/block.png using Guid(f3e8b47ba3af0d24e8b37c91c44e25f7) Importer(815301076,1909f56bfc062723c751e8b465ee728b)  -> (artifact id: '1ed2afc8a8808c1989c998a99b1b8346') in 0.026022 seconds
  Import took 0.028512 seconds .

========================================================================
Received Import Request.
  Time since last request: 0.000169 seconds.
  path: Assets/Images/Bucket2Stone.png
  artifactKey: Guid(e459eed076b20c141a30fbc76cf9e2aa) Importer(815301076,1909f56bfc062723c751e8b465ee728b)
Start importing Assets/Images/Bucket2Stone.png using Guid(e459eed076b20c141a30fbc76cf9e2aa) Importer(815301076,1909f56bfc062723c751e8b465ee728b)  -> (artifact id: '2eaa52ef57ac3f6250425d8e6ccc77ff') in 0.031292 seconds
  Import took 0.033691 seconds .

========================================================================
Received Import Request.
  Time since last request: 0.000110 seconds.
  path: Assets/Images/emptyBucket.png
  artifactKey: Guid(6d3d07a5906690d4587cd2dda8eeeb60) Importer(815301076,1909f56bfc062723c751e8b465ee728b)
Start importing Assets/Images/emptyBucket.png using Guid(6d3d07a5906690d4587cd2dda8eeeb60) Importer(815301076,1909f56bfc062723c751e8b465ee728b)  -> (artifact id: '484b2e3f900d20b2ca3f08dfc1236446') in 0.039005 seconds
  Import took 0.041401 seconds .

========================================================================
Received Import Request.
  Time since last request: 0.000238 seconds.
  path: Assets/Images/Stone.png
  artifactKey: Guid(6d390618cc3bef8449def864b9265f9a) Importer(815301076,1909f56bfc062723c751e8b465ee728b)
Start importing Assets/Images/Stone.png using Guid(6d390618cc3bef8449def864b9265f9a) Importer(815301076,1909f56bfc062723c751e8b465ee728b)  -> (artifact id: '6e0d80624a3f9e1d3c196eb7a7816ea5') in 0.008402 seconds
  Import took 0.010782 seconds .

========================================================================
Received Import Request.
  Time since last request: 0.000145 seconds.
  path: Assets/Images/Bucket3Brick.png
  artifactKey: Guid(f9cc9fc6a98ae3147b5b7b48426a93b7) Importer(815301076,1909f56bfc062723c751e8b465ee728b)
Start importing Assets/Images/Bucket3Brick.png using Guid(f9cc9fc6a98ae3147b5b7b48426a93b7) Importer(815301076,1909f56bfc062723c751e8b465ee728b)  -> (artifact id: '70cda4430777b0ab80f2197239072cd4') in 0.042495 seconds
  Import took 0.044850 seconds .

========================================================================
Received Import Request.
  Time since last request: 0.000142 seconds.
  path: Assets/Images/Bucket3Stone.png
  artifactKey: Guid(a02d4d189de0ec143aaf9bc368b18d1b) Importer(815301076,1909f56bfc062723c751e8b465ee728b)
Start importing Assets/Images/Bucket3Stone.png using Guid(a02d4d189de0ec143aaf9bc368b18d1b) Importer(815301076,1909f56bfc062723c751e8b465ee728b)  -> (artifact id: '73917b9bdebba1c61484945b14b2b207') in 0.017945 seconds
  Import took 0.020350 seconds .

========================================================================
Received Import Request.
  Time since last request: 0.000163 seconds.
  path: Assets/Images/plattform.png
  artifactKey: Guid(3cd39bb6fe872da479fdf6994e794106) Importer(815301076,1909f56bfc062723c751e8b465ee728b)
Start importing Assets/Images/plattform.png using Guid(3cd39bb6fe872da479fdf6994e794106) Importer(815301076,1909f56bfc062723c751e8b465ee728b)  -> (artifact id: '7d2e238a6b3b35140b46205e2f41efc5') in 0.044569 seconds
  Import took 0.046968 seconds .

========================================================================
Received Import Request.
  Time since last request: 0.000136 seconds.
  path: Assets/Images/brick.png
  artifactKey: Guid(4055cce600637b34b92dcbf5ba95a546) Importer(815301076,1909f56bfc062723c751e8b465ee728b)
Start importing Assets/Images/brick.png using Guid(4055cce600637b34b92dcbf5ba95a546) Importer(815301076,1909f56bfc062723c751e8b465ee728b)  -> (artifact id: '8dce69b02ccda2a369730f58be1b37cf') in 0.032350 seconds
  Import took 0.034690 seconds .

========================================================================
Received Import Request.
  Time since last request: 0.000145 seconds.
  path: Assets/Images/workbench.png
  artifactKey: Guid(e1582fd9b180a8b4087f14e59997dddb) Importer(815301076,1909f56bfc062723c751e8b465ee728b)
Start importing Assets/Images/workbench.png using Guid(e1582fd9b180a8b4087f14e59997dddb) Importer(815301076,1909f56bfc062723c751e8b465ee728b)  -> (artifact id: '346e9c184cdfc2b3735876973acd87d1') in 0.037366 seconds
  Import took 0.039802 seconds .

========================================================================
Received Import Request.
  Time since last request: 0.000218 seconds.
  path: Assets/Images/Bucket1Stone.png
  artifactKey: Guid(a78af7262443ca54086f41a10c8d1d7d) Importer(815301076,1909f56bfc062723c751e8b465ee728b)
Start importing Assets/Images/Bucket1Stone.png using Guid(a78af7262443ca54086f41a10c8d1d7d) Importer(815301076,1909f56bfc062723c751e8b465ee728b)  -> (artifact id: 'cff9360da464d89bfc149d8ef8cad01b') in 0.009976 seconds
  Import took 0.012294 seconds .

========================================================================
Received Import Request.
  Time since last request: 0.000133 seconds.
  path: Assets/Images/StoneQuary.png
  artifactKey: Guid(26503cab8c5941845a58f451ac86d15b) Importer(815301076,1909f56bfc062723c751e8b465ee728b)
Start importing Assets/Images/StoneQuary.png using Guid(26503cab8c5941845a58f451ac86d15b) Importer(815301076,1909f56bfc062723c751e8b465ee728b)  -> (artifact id: '9eadb1a7ae80c4dee9576dc27418bf13') in 0.009905 seconds
  Import took 0.012214 seconds .

========================================================================
Received Import Request.
  Time since last request: 0.000147 seconds.
  path: Assets/Images/DummyPlayer.png
  artifactKey: Guid(8474dcd2ad54d444ab4a0bbca60011cb) Importer(815301076,1909f56bfc062723c751e8b465ee728b)
Start importing Assets/Images/DummyPlayer.png using Guid(8474dcd2ad54d444ab4a0bbca60011cb) Importer(815301076,1909f56bfc062723c751e8b465ee728b)  -> (artifact id: 'e4377013496a7e19c7eade3344dfa68d') in 0.010404 seconds
  Import took 0.012786 seconds .

========================================================================
Received Import Request.
  Time since last request: 0.000116 seconds.
  path: Assets/Images/Bucket4Brick.png
  artifactKey: Guid(d212b44700aee314bb4712d055141617) Importer(815301076,1909f56bfc062723c751e8b465ee728b)
Start importing Assets/Images/Bucket4Brick.png using Guid(d212b44700aee314bb4712d055141617) Importer(815301076,1909f56bfc062723c751e8b465ee728b)  -> (artifact id: '9d7d0cf8b19c91483a7d27695eef55d4') in 0.010018 seconds
  Import took 0.012399 seconds .

========================================================================
Received Import Request.
  Time since last request: 0.000114 seconds.
  path: Assets/Images/Bucket1Brick.png
  artifactKey: Guid(7d8926e32f2d361428472a34503a587c) Importer(815301076,1909f56bfc062723c751e8b465ee728b)
Start importing Assets/Images/Bucket1Brick.png using Guid(7d8926e32f2d361428472a34503a587c) Importer(815301076,1909f56bfc062723c751e8b465ee728b)  -> (artifact id: '6833c151e9e34b72962d5d5b6fab1e09') in 0.009916 seconds
  Import took 0.012283 seconds .

========================================================================
Received Import Request.
  Time since last request: 0.000110 seconds.
  path: Assets/Images/Bucket2Brick.png
  artifactKey: Guid(6e48198cc4954d7469c80b298b5dee4f) Importer(815301076,1909f56bfc062723c751e8b465ee728b)
Start importing Assets/Images/Bucket2Brick.png using Guid(6e48198cc4954d7469c80b298b5dee4f) Importer(815301076,1909f56bfc062723c751e8b465ee728b)  -> (artifact id: '5f4ed35ebbb433e89bc34637432e3fac') in 0.010136 seconds
  Import took 0.012479 seconds .

========================================================================
Received Import Request.
  Time since last request: 0.000138 seconds.
  path: Assets/Images/donut.png
  artifactKey: Guid(287a22654a292324cb2cda5d466c01ff) Importer(815301076,1909f56bfc062723c751e8b465ee728b)
Start importing Assets/Images/donut.png using Guid(287a22654a292324cb2cda5d466c01ff) Importer(815301076,1909f56bfc062723c751e8b465ee728b)  -> (artifact id: 'aaaa2b6ad6a3eb153e1ea26438bf01bb') in 0.009976 seconds
  Import took 0.012580 seconds .

========================================================================
Received Import Request.
  Time since last request: 0.510591 seconds.
  path: Assets/Images/Tiles/DamWoodTile1.png
  artifactKey: Guid(c75ace01cb4aac44d8a481e959ace39f) Importer(815301076,1909f56bfc062723c751e8b465ee728b)
Start importing Assets/Images/Tiles/DamWoodTile1.png using Guid(c75ace01cb4aac44d8a481e959ace39f) Importer(815301076,1909f56bfc062723c751e8b465ee728b)  -> (artifact id: '0747a9e907f77e11bb4d8150ebc383a0') in 0.009823 seconds
  Import took 0.012398 seconds .

========================================================================
Received Import Request.
  Time since last request: 0.000174 seconds.
  path: Assets/Images/Tiles/GroundTileMiddleUp.png
  artifactKey: Guid(004af1ae17f76ac43aeb8839e2644ddd) Importer(815301076,1909f56bfc062723c751e8b465ee728b)
Start importing Assets/Images/Tiles/GroundTileMiddleUp.png using Guid(004af1ae17f76ac43aeb8839e2644ddd) Importer(815301076,1909f56bfc062723c751e8b465ee728b)  -> (artifact id: '77506ab007101748660ab5c4639279b1') in 0.007453 seconds
  Import took 0.009732 seconds .

========================================================================
Received Import Request.
  Time since last request: 0.000146 seconds.
  path: Assets/Images/Tiles/GroundTileRightCornerDown.png
  artifactKey: Guid(85ff07ff5aebf954d87f2a6b9a2488a2) Importer(815301076,1909f56bfc062723c751e8b465ee728b)
Start importing Assets/Images/Tiles/GroundTileRightCornerDown.png using Guid(85ff07ff5aebf954d87f2a6b9a2488a2) Importer(815301076,1909f56bfc062723c751e8b465ee728b)  -> (artifact id: 'ecfce904ad575217303fd01b7b6c4527') in 0.008085 seconds
  Import took 0.010451 seconds .

========================================================================
Received Import Request.
  Time since last request: 0.000115 seconds.
  path: Assets/Images/Tiles/GroundWallDownCornerRight.png
  artifactKey: Guid(a98eb5d10bfd73a4da4ceea96878fe1f) Importer(815301076,1909f56bfc062723c751e8b465ee728b)
Start importing Assets/Images/Tiles/GroundWallDownCornerRight.png using Guid(a98eb5d10bfd73a4da4ceea96878fe1f) Importer(815301076,1909f56bfc062723c751e8b465ee728b)  -> (artifact id: '5bf08124216f548a6f26ebd7313e5d77') in 0.009730 seconds
  Import took 0.012144 seconds .

========================================================================
Received Import Request.
  Time since last request: 0.000149 seconds.
  path: Assets/Images/Tiles/GroundTileMiddleLeft.png
  artifactKey: Guid(dc45ecd04f96bec43aad06c426d3b275) Importer(815301076,1909f56bfc062723c751e8b465ee728b)
Start importing Assets/Images/Tiles/GroundTileMiddleLeft.png using Guid(dc45ecd04f96bec43aad06c426d3b275) Importer(815301076,1909f56bfc062723c751e8b465ee728b)  -> (artifact id: '2f2d623514f3cc6e347bcdef158e3d28') in 0.007740 seconds
  Import took 0.010043 seconds .

========================================================================
Received Import Request.
  Time since last request: 0.000112 seconds.
  path: Assets/Images/Tiles/WallTileLeft1.png
  artifactKey: Guid(c661999743cc82440a1c27a4752aea50) Importer(815301076,1909f56bfc062723c751e8b465ee728b)
Start importing Assets/Images/Tiles/WallTileLeft1.png using Guid(c661999743cc82440a1c27a4752aea50) Importer(815301076,1909f56bfc062723c751e8b465ee728b)  -> (artifact id: '61cbc937b77818a5152c5cacbf800417') in 0.007860 seconds
  Import took 0.010211 seconds .

========================================================================
Received Import Request.
  Time since last request: 0.000138 seconds.
  path: Assets/Images/Tiles/WallTileLeft2.png
  artifactKey: Guid(dae0ed6b4db308f43b747900cc0bcc3d) Importer(815301076,1909f56bfc062723c751e8b465ee728b)
Start importing Assets/Images/Tiles/WallTileLeft2.png using Guid(dae0ed6b4db308f43b747900cc0bcc3d) Importer(815301076,1909f56bfc062723c751e8b465ee728b)  -> (artifact id: 'd3444c28656ada9175273ab6ce6d18ed') in 0.007430 seconds
  Import took 0.009726 seconds .

========================================================================
Received Import Request.
  Time since last request: 0.000142 seconds.
  path: Assets/Images/Tiles/PlattformTileCornerLeftUp.png
  artifactKey: Guid(b92c3e574bdef5f43b41174e80c407ce) Importer(815301076,1909f56bfc062723c751e8b465ee728b)
Start importing Assets/Images/Tiles/PlattformTileCornerLeftUp.png using Guid(b92c3e574bdef5f43b41174e80c407ce) Importer(815301076,1909f56bfc062723c751e8b465ee728b)  -> (artifact id: '112b2601a713c08d9a96f1585cc045df') in 0.007504 seconds
  Import took 0.009890 seconds .

========================================================================
Received Import Request.
  Time since last request: 0.000101 seconds.
  path: Assets/Images/Tiles/WallTileRight1.png
  artifactKey: Guid(652a60ec6fd04714b97abf57a804b75d) Importer(815301076,1909f56bfc062723c751e8b465ee728b)
Start importing Assets/Images/Tiles/WallTileRight1.png using Guid(652a60ec6fd04714b97abf57a804b75d) Importer(815301076,1909f56bfc062723c751e8b465ee728b)  -> (artifact id: 'a26db782672ec9a7f4a67775954288d5') in 0.007093 seconds
  Import took 0.009430 seconds .

========================================================================
Received Import Request.
  Time since last request: 0.000112 seconds.
  path: Assets/Images/Tiles/PlattformTileCornerRightDown.png
  artifactKey: Guid(8da5cbd542cd20d45bfd30a88de2ec75) Importer(815301076,1909f56bfc062723c751e8b465ee728b)
Start importing Assets/Images/Tiles/PlattformTileCornerRightDown.png using Guid(8da5cbd542cd20d45bfd30a88de2ec75) Importer(815301076,1909f56bfc062723c751e8b465ee728b)  -> (artifact id: '8b33814bcc85f114c9e532d663405686') in 0.007699 seconds
  Import took 0.010016 seconds .

========================================================================
Received Import Request.
  Time since last request: 0.000102 seconds.
  path: Assets/Images/Tiles/GroundTileMiddleDown.png
  artifactKey: Guid(50f8c266fcbf9de448aec87d66716afb) Importer(815301076,1909f56bfc062723c751e8b465ee728b)
Start importing Assets/Images/Tiles/GroundTileMiddleDown.png using Guid(50f8c266fcbf9de448aec87d66716afb) Importer(815301076,1909f56bfc062723c751e8b465ee728b)  -> (artifact id: '74eaa1dd9e0bd5fdda42ca25baf325ce') in 0.007623 seconds
  Import took 0.009899 seconds .

========================================================================
Received Import Request.
  Time since last request: 0.000103 seconds.
  path: Assets/Images/Tiles/GroundTileMiddleRight.png
  artifactKey: Guid(498b6ca9a09da334eb33449c70c1302e) Importer(815301076,1909f56bfc062723c751e8b465ee728b)
Start importing Assets/Images/Tiles/GroundTileMiddleRight.png using Guid(498b6ca9a09da334eb33449c70c1302e) Importer(815301076,1909f56bfc062723c751e8b465ee728b)  -> (artifact id: '9436f3f113a9d3e66f825ace5cb3a659') in 0.007268 seconds
  Import took 0.009603 seconds .

========================================================================
Received Import Request.
  Time since last request: 0.000104 seconds.
  path: Assets/Images/Tiles/PlattformTileCornerRightUp.png
  artifactKey: Guid(e2fd79c030aeed349b15bcb7f4cc8888) Importer(815301076,1909f56bfc062723c751e8b465ee728b)
Start importing Assets/Images/Tiles/PlattformTileCornerRightUp.png using Guid(e2fd79c030aeed349b15bcb7f4cc8888) Importer(815301076,1909f56bfc062723c751e8b465ee728b)  -> (artifact id: 'bf8ff5893e35cc7d62468c78378de993') in 0.008004 seconds
  Import took 0.010344 seconds .

========================================================================
Received Import Request.
  Time since last request: 0.000124 seconds.
  path: Assets/Images/Tiles/PlatformTileRightCorner.png
  artifactKey: Guid(a03eb2da2d9764c42abca88587e4b632) Importer(815301076,1909f56bfc062723c751e8b465ee728b)
Start importing Assets/Images/Tiles/PlatformTileRightCorner.png using Guid(a03eb2da2d9764c42abca88587e4b632) Importer(815301076,1909f56bfc062723c751e8b465ee728b)  -> (artifact id: 'd7acedb5dbf2000f3a4bf1b7b3cbfecd') in 0.006777 seconds
  Import took 0.009118 seconds .

========================================================================
Received Import Request.
  Time since last request: 0.000148 seconds.
  path: Assets/Images/Tiles/PlatformTileLeftCorner.png
  artifactKey: Guid(818d4c0ea7c23054fb8f297ea253ccbe) Importer(815301076,1909f56bfc062723c751e8b465ee728b)
Start importing Assets/Images/Tiles/PlatformTileLeftCorner.png using Guid(818d4c0ea7c23054fb8f297ea253ccbe) Importer(815301076,1909f56bfc062723c751e8b465ee728b)  -> (artifact id: '8024ee318557cc1a8ee9695792250bb2') in 0.008187 seconds
  Import took 0.010481 seconds .

========================================================================
Received Import Request.
  Time since last request: 0.000113 seconds.
  path: Assets/Images/Tiles/WallTileRight2.png
  artifactKey: Guid(58a5c501607ba6a4ba4771f3bde56425) Importer(815301076,1909f56bfc062723c751e8b465ee728b)
Start importing Assets/Images/Tiles/WallTileRight2.png using Guid(58a5c501607ba6a4ba4771f3bde56425) Importer(815301076,1909f56bfc062723c751e8b465ee728b)  -> (artifact id: '28dfd168c67dc749a4fe42a83c72048c') in 0.007442 seconds
  Import took 0.009744 seconds .

========================================================================
Received Import Request.
  Time since last request: 0.000124 seconds.
  path: Assets/Images/Tiles/GroundTileLeftCornerDown.png
  artifactKey: Guid(033e00c1225774841a347f3b8b16ca68) Importer(815301076,1909f56bfc062723c751e8b465ee728b)
Start importing Assets/Images/Tiles/GroundTileLeftCornerDown.png using Guid(033e00c1225774841a347f3b8b16ca68) Importer(815301076,1909f56bfc062723c751e8b465ee728b)  -> (artifact id: '865f99e6b8bd97bca5793bce62b40cd6') in 0.007576 seconds
  Import took 0.009852 seconds .

========================================================================
Received Import Request.
  Time since last request: 0.000101 seconds.
  path: Assets/Images/Tiles/GroundTileLeftCornerUp.png
  artifactKey: Guid(896e6af3c077631468f6c5dcac2a1e2f) Importer(815301076,1909f56bfc062723c751e8b465ee728b)
Start importing Assets/Images/Tiles/GroundTileLeftCornerUp.png using Guid(896e6af3c077631468f6c5dcac2a1e2f) Importer(815301076,1909f56bfc062723c751e8b465ee728b)  -> (artifact id: '83765dece76cc0419aa999bc652c51dd') in 0.009357 seconds
  Import took 0.011735 seconds .

========================================================================
Received Import Request.
  Time since last request: 0.000105 seconds.
  path: Assets/Images/Tiles/PlattformTileCornerLeftDown.png
  artifactKey: Guid(dec5d603e0c0b0e44aec5ebeabf9c27c) Importer(815301076,1909f56bfc062723c751e8b465ee728b)
Start importing Assets/Images/Tiles/PlattformTileCornerLeftDown.png using Guid(dec5d603e0c0b0e44aec5ebeabf9c27c) Importer(815301076,1909f56bfc062723c751e8b465ee728b)  -> (artifact id: '90f025f76a39f2517eeb579a9f946437') in 0.008506 seconds
  Import took 0.010836 seconds .

========================================================================
Received Import Request.
  Time since last request: 0.000115 seconds.
  path: Assets/Images/Tiles/GroundTileRightCornerUp.png
  artifactKey: Guid(42ad5dbc207b0af4592d576f0a30a55b) Importer(815301076,1909f56bfc062723c751e8b465ee728b)
Start importing Assets/Images/Tiles/GroundTileRightCornerUp.png using Guid(42ad5dbc207b0af4592d576f0a30a55b) Importer(815301076,1909f56bfc062723c751e8b465ee728b)  -> (artifact id: '59fde2e51c9023d678dec0f50f07073c') in 0.007990 seconds
  Import took 0.010297 seconds .

========================================================================
Received Import Request.
  Time since last request: 0.000102 seconds.
  path: Assets/Images/Tiles/GroundWallDownCornerLeft.png
  artifactKey: Guid(164660c9d9011344894ce91a2d7d6851) Importer(815301076,1909f56bfc062723c751e8b465ee728b)
Start importing Assets/Images/Tiles/GroundWallDownCornerLeft.png using Guid(164660c9d9011344894ce91a2d7d6851) Importer(815301076,1909f56bfc062723c751e8b465ee728b)  -> (artifact id: 'bb801f291a043e7a7b077fca65ac6958') in 0.008564 seconds
  Import took 0.010891 seconds .

========================================================================
Received Import Request.
  Time since last request: 0.000116 seconds.
  path: Assets/Images/Tiles/PlatformTileMiddle.png
  artifactKey: Guid(ef80f6a7a40b955448f2559e2a8a63fe) Importer(815301076,1909f56bfc062723c751e8b465ee728b)
Start importing Assets/Images/Tiles/PlatformTileMiddle.png using Guid(ef80f6a7a40b955448f2559e2a8a63fe) Importer(815301076,1909f56bfc062723c751e8b465ee728b)  -> (artifact id: 'de5476fda59a272bb1ef3bb42ad3fa99') in 0.008047 seconds
  Import took 0.010364 seconds .

========================================================================
Received Import Request.
  Time since last request: 0.000108 seconds.
  path: Assets/Images/Tiles/GroundTileDarkBlue.png
  artifactKey: Guid(5549b44ff5a5ddd41b88cc54bc66c6a3) Importer(815301076,1909f56bfc062723c751e8b465ee728b)
Start importing Assets/Images/Tiles/GroundTileDarkBlue.png using Guid(5549b44ff5a5ddd41b88cc54bc66c6a3) Importer(815301076,1909f56bfc062723c751e8b465ee728b)  -> (artifact id: 'e333e13fa731bab9efec8edc99ceb735') in 0.008294 seconds
  Import took 0.010599 seconds .

========================================================================
Received Import Request.
  Time since last request: 0.000105 seconds.
  path: Assets/Images/Tiles/GroundWallCornerRight.png
  artifactKey: Guid(aa4d427ab5acf41489a0867adea01f34) Importer(815301076,1909f56bfc062723c751e8b465ee728b)
Start importing Assets/Images/Tiles/GroundWallCornerRight.png using Guid(aa4d427ab5acf41489a0867adea01f34) Importer(815301076,1909f56bfc062723c751e8b465ee728b)  -> (artifact id: '306389ad0f8517de48c2f7def6b7a989') in 0.008269 seconds
  Import took 0.010548 seconds .

========================================================================
Received Import Request.
  Time since last request: 0.000115 seconds.
  path: Assets/Images/Tiles/GroundWallCornerLeft.png
  artifactKey: Guid(d21afbc34b299b34f8919041b366f62e) Importer(815301076,1909f56bfc062723c751e8b465ee728b)
Start importing Assets/Images/Tiles/GroundWallCornerLeft.png using Guid(d21afbc34b299b34f8919041b366f62e) Importer(815301076,1909f56bfc062723c751e8b465ee728b)  -> (artifact id: '6fdc86ccd63c164814650fe03b40b0b6') in 0.007817 seconds
  Import took 0.010391 seconds .

========================================================================
Received Import Request.
  Time since last request: 206.290920 seconds.
  path: Assets/Images/Tiles/PlatformTileLowerCorner.png
  artifactKey: Guid(5475a3e61dec14c44ba89156af627711) Importer(815301076,1909f56bfc062723c751e8b465ee728b)
Start importing Assets/Images/Tiles/PlatformTileLowerCorner.png using Guid(5475a3e61dec14c44ba89156af627711) Importer(815301076,1909f56bfc062723c751e8b465ee728b)  -> (artifact id: 'd3636c24dfe8f00e4bca5e5cb79a1d7d') in 0.036958 seconds
  Import took 0.040200 seconds .

========================================================================
Received Import Request.
  Time since last request: 0.000127 seconds.
  path: Assets/Images/Tiles/PlatformTileUpperCorner.png
  artifactKey: Guid(554f111869d332e44ad13b6ac4d697d7) Importer(815301076,1909f56bfc062723c751e8b465ee728b)
Start importing Assets/Images/Tiles/PlatformTileUpperCorner.png using Guid(554f111869d332e44ad13b6ac4d697d7) Importer(815301076,1909f56bfc062723c751e8b465ee728b)  -> (artifact id: 'de58b6b161e3277eab1a59b9c499f75a') in 0.012217 seconds
  Import took 0.014653 seconds .

========================================================================
Received Import Request.
  Time since last request: 10.573114 seconds.
  path: Assets/Images/Tiles/PlatformTileLowerCorner.png
  artifactKey: Guid(5475a3e61dec14c44ba89156af627711) Importer(815301076,1909f56bfc062723c751e8b465ee728b)
Start importing Assets/Images/Tiles/PlatformTileLowerCorner.png using Guid(5475a3e61dec14c44ba89156af627711) Importer(815301076,1909f56bfc062723c751e8b465ee728b)  -> (artifact id: '973648e702620f37697b4f28c748349e') in 0.032133 seconds
  Import took 0.034788 seconds .

========================================================================
Received Import Request.
  Time since last request: 0.000232 seconds.
  path: Assets/Images/Tiles/PlatformTileUpperCorner.png
  artifactKey: Guid(554f111869d332e44ad13b6ac4d697d7) Importer(815301076,1909f56bfc062723c751e8b465ee728b)
Start importing Assets/Images/Tiles/PlatformTileUpperCorner.png using Guid(554f111869d332e44ad13b6ac4d697d7) Importer(815301076,1909f56bfc062723c751e8b465ee728b)  -> (artifact id: 'df3144766d93f0f6af72fc8c4d99248f') in 0.046420 seconds
  Import took 0.048735 seconds .

========================================================================
Received Import Request.
  Time since last request: 341.051376 seconds.
  path: Assets/Images/Tiles/PlattformTileCornerUpRight.png
  artifactKey: Guid(ba291aeb2198d9147876a921bcb8ddb9) Importer(815301076,1909f56bfc062723c751e8b465ee728b)
Start importing Assets/Images/Tiles/PlattformTileCornerUpRight.png using Guid(ba291aeb2198d9147876a921bcb8ddb9) Importer(815301076,1909f56bfc062723c751e8b465ee728b)  -> (artifact id: 'aa12bbd0f10d92cbbcb79230bc28a7bb') in 0.011800 seconds
  Import took 0.015563 seconds .

========================================================================
Received Import Request.
  Time since last request: 26.123293 seconds.
  path: Assets/Images/Tiles/PlattformTileCornerDownRight.png
  artifactKey: Guid(0fa20595fa0c2c54582fd2c20621ebb9) Importer(815301076,1909f56bfc062723c751e8b465ee728b)
Start importing Assets/Images/Tiles/PlattformTileCornerDownRight.png using Guid(0fa20595fa0c2c54582fd2c20621ebb9) Importer(815301076,1909f56bfc062723c751e8b465ee728b)  -> (artifact id: 'ab8e8bf627ac58a9e8a0ddef1c27e2db') in 0.015120 seconds
  Import took 0.017832 seconds .

========================================================================
Received Import Request.
  Time since last request: 18.082814 seconds.
  path: Assets/Images/Tiles/PlattformTileCornerDownRight.png
  artifactKey: Guid(0fa20595fa0c2c54582fd2c20621ebb9) Importer(815301076,1909f56bfc062723c751e8b465ee728b)
Start importing Assets/Images/Tiles/PlattformTileCornerDownRight.png using Guid(0fa20595fa0c2c54582fd2c20621ebb9) Importer(815301076,1909f56bfc062723c751e8b465ee728b)  -> (artifact id: '1774c4a0e4a5ce8f83fb112d9c7b7d54') in 0.029942 seconds
  Import took 0.032479 seconds .

========================================================================
Received Import Request.
  Time since last request: 0.000233 seconds.
  path: Assets/Images/Tiles/PlattformTileCornerUpRight.png
  artifactKey: Guid(ba291aeb2198d9147876a921bcb8ddb9) Importer(815301076,1909f56bfc062723c751e8b465ee728b)
Start importing Assets/Images/Tiles/PlattformTileCornerUpRight.png using Guid(ba291aeb2198d9147876a921bcb8ddb9) Importer(815301076,1909f56bfc062723c751e8b465ee728b)  -> (artifact id: '697637a1e71064e7aee4fa00f9397fd4') in 0.007429 seconds
  Import took 0.009722 seconds .

========================================================================
Received Import Request.
  Time since last request: 0.000890 seconds.
  path: Assets/Images/Tiles/PlattformTileCornerUpRight.png
  artifactKey: Guid(ba291aeb2198d9147876a921bcb8ddb9) Importer(815301076,1909f56bfc062723c751e8b465ee728b)
Start importing Assets/Images/Tiles/PlattformTileCornerUpRight.png using Guid(ba291aeb2198d9147876a921bcb8ddb9) Importer(815301076,1909f56bfc062723c751e8b465ee728b)  -> (artifact id: '697637a1e71064e7aee4fa00f9397fd4') in 0.006594 seconds
  Import took 0.008930 seconds .

========================================================================
Received Import Request.
  Time since last request: 64.267664 seconds.
  path: Assets/Images/Tiles/TextureImporter.preset
  artifactKey: Guid(8e80107b481090c45885af65454e4a67) Importer(815301076,1909f56bfc062723c751e8b465ee728b)
Start importing Assets/Images/Tiles/TextureImporter.preset using Guid(8e80107b481090c45885af65454e4a67) Importer(815301076,1909f56bfc062723c751e8b465ee728b)  -> (artifact id: '48c64f37a87e66d1aed2592134cbf7ec') in 0.007124 seconds
  Import took 0.009946 seconds .

========================================================================
Received Import Request.
  Time since last request: 4.743587 seconds.
  path: Assets
  artifactKey: Guid(00000000000000001000000000000000) Importer(815301076,1909f56bfc062723c751e8b465ee728b)
Start importing Assets using Guid(00000000000000001000000000000000) Importer(815301076,1909f56bfc062723c751e8b465ee728b)  -> (artifact id: '42baae205c97e3337697759514652acd') in 0.004334 seconds
  Import took 0.006753 seconds .

========================================================================
Received Import Request.
  Time since last request: 4.610278 seconds.
  path: Assets/Presets
  artifactKey: Guid(3e9eabc9f085ebd41ac27d1147988641) Importer(815301076,1909f56bfc062723c751e8b465ee728b)
Start importing Assets/Presets using Guid(3e9eabc9f085ebd41ac27d1147988641) Importer(815301076,1909f56bfc062723c751e8b465ee728b)  -> (artifact id: '25377ef3cf5be9817db9ab91fd62e0f4') in 0.004408 seconds
  Import took 0.006898 seconds .

========================================================================
Received Import Request.
  Time since last request: 133.062480 seconds.
  path: Assets/Images/Tiles
  artifactKey: Guid(d360229466c77c34daa545542a6af279) Importer(815301076,1909f56bfc062723c751e8b465ee728b)
Start importing Assets/Images/Tiles using Guid(d360229466c77c34daa545542a6af279) Importer(815301076,1909f56bfc062723c751e8b465ee728b)  -> (artifact id: '8dc014eb6815578d4e8f7c2e76e590f4') in 0.004528 seconds
  Import took 0.007107 seconds .

========================================================================
Received Prepare
Registering precompiled user dll's ...
Registered in 0.000769 seconds.
Begin MonoManager ReloadAssembly
Native extension for WindowsStandalone target not found
Refreshing native plugins compatible for Editor in 0.34 ms, found 1 plugins.
Preloading 0 native plugins for Editor in 0.00 ms.
Invoked RoslynAnalysisRunner static constructor.
RoslynAnalysisRunner will not be running.
RoslynAnalysisRunner has terminated.
Mono: successfully reloaded assembly
- Completed reload, in  0.619 seconds
Platform modules already initialized, skipping
Refreshing native plugins compatible for Editor in 0.29 ms, found 1 plugins.
Preloading 0 native plugins for Editor in 0.00 ms.
Unloading 2107 Unused Serialized files (Serialized files now loaded: 0)
System memory in use before: 98.8 MB.
System memory in use after: 98.9 MB.

Unloading 9 unused Assets to reduce memory usage. Loaded Objects now: 2585.
Total: 1.577200 ms (FindLiveObjects: 0.170900 ms CreateObjectMapping: 0.071900 ms MarkObjects: 1.324100 ms  DeleteObjects: 0.009700 ms)

========================================================================
Received Prepare
Registering precompiled user dll's ...
Registered in 0.000779 seconds.
Begin MonoManager ReloadAssembly
Native extension for WindowsStandalone target not found
Refreshing native plugins compatible for Editor in 0.40 ms, found 1 plugins.
Preloading 0 native plugins for Editor in 0.00 ms.
Invoked RoslynAnalysisRunner static constructor.
RoslynAnalysisRunner will not be running.
RoslynAnalysisRunner has terminated.
Mono: successfully reloaded assembly
- Completed reload, in  0.651 seconds
Platform modules already initialized, skipping
Refreshing native plugins compatible for Editor in 0.33 ms, found 1 plugins.
Preloading 0 native plugins for Editor in 0.00 ms.
Unloading 2107 Unused Serialized files (Serialized files now loaded: 0)
System memory in use before: 98.8 MB.
System memory in use after: 98.9 MB.

Unloading 9 unused Assets to reduce memory usage. Loaded Objects now: 2588.
Total: 1.627000 ms (FindLiveObjects: 0.200100 ms CreateObjectMapping: 0.096700 ms MarkObjects: 1.318500 ms  DeleteObjects: 0.011200 ms)

========================================================================
Received Import Request.
  Time since last request: 467.980078 seconds.
  path: Assets/Images/Objects/CraftingStation.png
  artifactKey: Guid(463063e0a153d1b4bba0137f7859b969) Importer(815301076,1909f56bfc062723c751e8b465ee728b)
Start importing Assets/Images/Objects/CraftingStation.png using Guid(463063e0a153d1b4bba0137f7859b969) Importer(815301076,1909f56bfc062723c751e8b465ee728b)  -> (artifact id: 'c221a41aef70393e615e388e542cf946') in 0.040940 seconds
  Import took 0.044023 seconds .

========================================================================
Received Import Request.
  Time since last request: 0.000229 seconds.
  path: Assets/Images/Objects/stampfer.png
  artifactKey: Guid(fbbf13484b1590649a948e894ff703ab) Importer(815301076,1909f56bfc062723c751e8b465ee728b)
Start importing Assets/Images/Objects/stampfer.png using Guid(fbbf13484b1590649a948e894ff703ab) Importer(815301076,1909f56bfc062723c751e8b465ee728b)  -> (artifact id: '198e8d4d4117758ea96f3836fae887ce') in 0.012042 seconds
  Import took 0.014304 seconds .

========================================================================
Received Import Request.
  Time since last request: 0.000169 seconds.
  path: Assets/Images/Objects/elevator.png
  artifactKey: Guid(4a38b06f1704833448c76bd6a0d5ae5d) Importer(815301076,1909f56bfc062723c751e8b465ee728b)
Start importing Assets/Images/Objects/elevator.png using Guid(4a38b06f1704833448c76bd6a0d5ae5d) Importer(815301076,1909f56bfc062723c751e8b465ee728b)  -> (artifact id: 'd9376c1fd5541dbbbb6ca96c07f37bfd') in 0.035507 seconds
  Import took 0.037839 seconds .

========================================================================
Received Import Request.
  Time since last request: 323.965800 seconds.
  path: Assets/Images/Objects/elevator.png
  artifactKey: Guid(4a38b06f1704833448c76bd6a0d5ae5d) Importer(815301076,1909f56bfc062723c751e8b465ee728b)
Start importing Assets/Images/Objects/elevator.png using Guid(4a38b06f1704833448c76bd6a0d5ae5d) Importer(815301076,1909f56bfc062723c751e8b465ee728b)  -> (artifact id: '174f237d1574f81a22329edeee6b8ad9') in 0.015553 seconds
  Import took 0.018302 seconds .

========================================================================
Received Import Request.
  Time since last request: 217.560621 seconds.
  path: Assets/Images/Objects/robes.png
  artifactKey: Guid(30e51adf31fb5b9478e5a76756d5c65f) Importer(815301076,1909f56bfc062723c751e8b465ee728b)
Start importing Assets/Images/Objects/robes.png using Guid(30e51adf31fb5b9478e5a76756d5c65f) Importer(815301076,1909f56bfc062723c751e8b465ee728b)  -> (artifact id: '357acd1b0a71ee9249e277651176375b') in 0.011798 seconds
  Import took 0.014722 seconds .

========================================================================
Received Import Request.
  Time since last request: 26087.421211 seconds.
  path: Assets/Images/Pipes
  artifactKey: Guid(3130381aebdd8fe42b26c8e829c7cc19) Importer(815301076,1909f56bfc062723c751e8b465ee728b)
Start importing Assets/Images/Pipes using Guid(3130381aebdd8fe42b26c8e829c7cc19) Importer(815301076,1909f56bfc062723c751e8b465ee728b)  -> (artifact id: 'c943e33e846bfe28954e2e04d8baf7dd') in 0.004496 seconds
  Import took 0.007444 seconds .

========================================================================
Received Import Request.
  Time since last request: 0.027442 seconds.
  path: Assets/Images/Pipes/PipeHorizontalDown1.png
  artifactKey: Guid(7295ca517b50c814abe0773206287654) Importer(815301076,1909f56bfc062723c751e8b465ee728b)
Start importing Assets/Images/Pipes/PipeHorizontalDown1.png using Guid(7295ca517b50c814abe0773206287654) Importer(815301076,1909f56bfc062723c751e8b465ee728b)  -> (artifact id: 'f8874b74aee8c7fafaf17f0665045f30') in 0.018920 seconds
  Import took 0.021507 seconds .

========================================================================
Received Import Request.
  Time since last request: 0.000240 seconds.
  path: Assets/Images/Pipes/PipeVerticalLeft4.png
  artifactKey: Guid(061590e510d668740a05cc745cb82d2b) Importer(815301076,1909f56bfc062723c751e8b465ee728b)
Start importing Assets/Images/Pipes/PipeVerticalLeft4.png using Guid(061590e510d668740a05cc745cb82d2b) Importer(815301076,1909f56bfc062723c751e8b465ee728b)  -> (artifact id: 'f10521ddde2be13bdef16a1f1f210eba') in 0.015803 seconds
  Import took 0.018191 seconds .

========================================================================
Received Import Request.
  Time since last request: 0.000196 seconds.
  path: Assets/Images/Pipes/PipeRightCornerDown.png
  artifactKey: Guid(ab8939daedb8ad3499fb558c65644a21) Importer(815301076,1909f56bfc062723c751e8b465ee728b)
Start importing Assets/Images/Pipes/PipeRightCornerDown.png using Guid(ab8939daedb8ad3499fb558c65644a21) Importer(815301076,1909f56bfc062723c751e8b465ee728b)  -> (artifact id: '7b7402c090b16622bd746448915846b8') in 0.039322 seconds
  Import took 0.041679 seconds .

========================================================================
Received Import Request.
  Time since last request: 0.000220 seconds.
  path: Assets/Images/Pipes/PipeVerticalRight4.png
  artifactKey: Guid(7670747d267075f48a7738eb2ccc1977) Importer(815301076,1909f56bfc062723c751e8b465ee728b)
Start importing Assets/Images/Pipes/PipeVerticalRight4.png using Guid(7670747d267075f48a7738eb2ccc1977) Importer(815301076,1909f56bfc062723c751e8b465ee728b)  -> (artifact id: '9b13351fb5ccc402c6c2654ae33372e6') in 0.015187 seconds
  Import took 0.017579 seconds .

========================================================================
Received Import Request.
  Time since last request: 0.000168 seconds.
  path: Assets/Images/Pipes/PipeHorizontalUp3.png
  artifactKey: Guid(e046a9daa4596ad4fb63039acebb7975) Importer(815301076,1909f56bfc062723c751e8b465ee728b)
Start importing Assets/Images/Pipes/PipeHorizontalUp3.png using Guid(e046a9daa4596ad4fb63039acebb7975) Importer(815301076,1909f56bfc062723c751e8b465ee728b)  -> (artifact id: 'a8b24fb6134c70ea2fe87d0d7cc03877') in 0.021219 seconds
  Import took 0.023582 seconds .

========================================================================
Received Import Request.
  Time since last request: 0.000177 seconds.
  path: Assets/Images/Pipes/PipeHorizontalUp4.png
  artifactKey: Guid(8c5c7efc9c53c9e4ebb7a8b69dbce040) Importer(815301076,1909f56bfc062723c751e8b465ee728b)
Start importing Assets/Images/Pipes/PipeHorizontalUp4.png using Guid(8c5c7efc9c53c9e4ebb7a8b69dbce040) Importer(815301076,1909f56bfc062723c751e8b465ee728b)  -> (artifact id: 'b13c6e3b64d31df52e92cd11f228e15f') in 0.011119 seconds
  Import took 0.013471 seconds .

========================================================================
Received Import Request.
  Time since last request: 0.000203 seconds.
  path: Assets/Images/Pipes/PipeVerticalLeft3.png
  artifactKey: Guid(bb43c599f675cfe41ac9d9f6f335d0aa) Importer(815301076,1909f56bfc062723c751e8b465ee728b)
Start importing Assets/Images/Pipes/PipeVerticalLeft3.png using Guid(bb43c599f675cfe41ac9d9f6f335d0aa) Importer(815301076,1909f56bfc062723c751e8b465ee728b)  -> (artifact id: 'ea7a7d551fa1906c4d4d87d66a9ae59e') in 0.015127 seconds
  Import took 0.017423 seconds .

========================================================================
Received Import Request.
  Time since last request: 0.000142 seconds.
  path: Assets/Images/Pipes/PipeHorizontalDown2.png
  artifactKey: Guid(cba510585c8db1a478201abda2ad130e) Importer(815301076,1909f56bfc062723c751e8b465ee728b)
Start importing Assets/Images/Pipes/PipeHorizontalDown2.png using Guid(cba510585c8db1a478201abda2ad130e) Importer(815301076,1909f56bfc062723c751e8b465ee728b)  -> (artifact id: 'b5933750868d305e58d75ec04102d68b') in 0.043776 seconds
  Import took 0.046196 seconds .

========================================================================
Received Import Request.
  Time since last request: 0.000185 seconds.
  path: Assets/Images/Pipes/PipeLeftCornerUp.png
  artifactKey: Guid(94183005dc070384c8ede0dfe1cab018) Importer(815301076,1909f56bfc062723c751e8b465ee728b)
Start importing Assets/Images/Pipes/PipeLeftCornerUp.png using Guid(94183005dc070384c8ede0dfe1cab018) Importer(815301076,1909f56bfc062723c751e8b465ee728b)  -> (artifact id: '8ceb8496d00113fa55ce1f7ff1a35683') in 0.010110 seconds
  Import took 0.012390 seconds .

========================================================================
Received Import Request.
  Time since last request: 0.000123 seconds.
  path: Assets/Images/Pipes/PipeVerticalLeft2.png
  artifactKey: Guid(5688de3c0b3e3dd429fb2c068a7c9b65) Importer(815301076,1909f56bfc062723c751e8b465ee728b)
Start importing Assets/Images/Pipes/PipeVerticalLeft2.png using Guid(5688de3c0b3e3dd429fb2c068a7c9b65) Importer(815301076,1909f56bfc062723c751e8b465ee728b)  -> (artifact id: '5fc4650b555955172d6d63cbadd590ce') in 0.010522 seconds
  Import took 0.012842 seconds .

========================================================================
Received Import Request.
  Time since last request: 0.000138 seconds.
  path: Assets/Images/Pipes/PipeVerticalRight1.png
  artifactKey: Guid(1a6dcae223fe7cb419c7a156711b71e2) Importer(815301076,1909f56bfc062723c751e8b465ee728b)
Start importing Assets/Images/Pipes/PipeVerticalRight1.png using Guid(1a6dcae223fe7cb419c7a156711b71e2) Importer(815301076,1909f56bfc062723c751e8b465ee728b)  -> (artifact id: 'e9eb1ecafc09112cfad80362492c4709') in 0.009766 seconds
  Import took 0.012172 seconds .

========================================================================
Received Import Request.
  Time since last request: 0.000140 seconds.
  path: Assets/Images/Pipes/PipeVerticalRight2.png
  artifactKey: Guid(a35f7f2eaa14a9c48b7269ff072f7d9b) Importer(815301076,1909f56bfc062723c751e8b465ee728b)
Start importing Assets/Images/Pipes/PipeVerticalRight2.png using Guid(a35f7f2eaa14a9c48b7269ff072f7d9b) Importer(815301076,1909f56bfc062723c751e8b465ee728b)  -> (artifact id: '3a80360d31be825058d6499ef4201ba2') in 0.009063 seconds
  Import took 0.011555 seconds .

========================================================================
Received Import Request.
  Time since last request: 0.000143 seconds.
  path: Assets/Images/Pipes/PipeHorizontalDown3.png
  artifactKey: Guid(46ad2e4452b99d44b9ee6c8b59f7e5e6) Importer(815301076,1909f56bfc062723c751e8b465ee728b)
Start importing Assets/Images/Pipes/PipeHorizontalDown3.png using Guid(46ad2e4452b99d44b9ee6c8b59f7e5e6) Importer(815301076,1909f56bfc062723c751e8b465ee728b)  -> (artifact id: '52407f8b02b9c13c5740fcc78816ed41') in 0.009376 seconds
  Import took 0.011835 seconds .

========================================================================
Received Import Request.
  Time since last request: 0.000106 seconds.
  path: Assets/Images/Pipes/PipeLeftCornerDown.png
  artifactKey: Guid(74e5f396bfdaa4c44a5a780ebbd4d853) Importer(815301076,1909f56bfc062723c751e8b465ee728b)
Start importing Assets/Images/Pipes/PipeLeftCornerDown.png using Guid(74e5f396bfdaa4c44a5a780ebbd4d853) Importer(815301076,1909f56bfc062723c751e8b465ee728b)  -> (artifact id: '32dadbf8dbca32d4b1b90230e6aca2e4') in 0.010456 seconds
  Import took 0.012816 seconds .

========================================================================
Received Import Request.
  Time since last request: 0.000102 seconds.
  path: Assets/Images/Pipes/PipeHorizontalDown4.png
  artifactKey: Guid(5f2237031f9429e4b84f06b2a66483a1) Importer(815301076,1909f56bfc062723c751e8b465ee728b)
Start importing Assets/Images/Pipes/PipeHorizontalDown4.png using Guid(5f2237031f9429e4b84f06b2a66483a1) Importer(815301076,1909f56bfc062723c751e8b465ee728b)  -> (artifact id: 'b40d2f7dbf2d9cece74cc8bc74e45362') in 0.010246 seconds
  Import took 0.012585 seconds .

========================================================================
Received Import Request.
  Time since last request: 0.000111 seconds.
  path: Assets/Images/Pipes/PipeHorizontalUp2.png
  artifactKey: Guid(a60dacfe7b2b9a547bf3f10585a74305) Importer(815301076,1909f56bfc062723c751e8b465ee728b)
Start importing Assets/Images/Pipes/PipeHorizontalUp2.png using Guid(a60dacfe7b2b9a547bf3f10585a74305) Importer(815301076,1909f56bfc062723c751e8b465ee728b)  -> (artifact id: 'ac040258af46945997e79ce525ea3d33') in 0.009709 seconds
  Import took 0.012187 seconds .

========================================================================
Received Import Request.
  Time since last request: 0.000123 seconds.
  path: Assets/Images/Pipes/PipeVerticalLeft1.png
  artifactKey: Guid(374d29dc6881cd8408f8737ebbee76bb) Importer(815301076,1909f56bfc062723c751e8b465ee728b)
Start importing Assets/Images/Pipes/PipeVerticalLeft1.png using Guid(374d29dc6881cd8408f8737ebbee76bb) Importer(815301076,1909f56bfc062723c751e8b465ee728b)  -> (artifact id: '4e04af1b7cf4842b55c1bec80b728dfb') in 0.009539 seconds
  Import took 0.012009 seconds .

========================================================================
Received Import Request.
  Time since last request: 0.000111 seconds.
  path: Assets/Images/Pipes/PipeVerticalRight3.png
  artifactKey: Guid(960bd962b61955c4088b204fd66de45f) Importer(815301076,1909f56bfc062723c751e8b465ee728b)
Start importing Assets/Images/Pipes/PipeVerticalRight3.png using Guid(960bd962b61955c4088b204fd66de45f) Importer(815301076,1909f56bfc062723c751e8b465ee728b)  -> (artifact id: 'e9231c1ba0be8c1818de13d54e312af9') in 0.009945 seconds
  Import took 0.012311 seconds .

========================================================================
Received Import Request.
  Time since last request: 0.000112 seconds.
  path: Assets/Images/Pipes/PipeHorizontalUp1.png
  artifactKey: Guid(32422e7bd821dc84283ecc3f0f6ead97) Importer(815301076,1909f56bfc062723c751e8b465ee728b)
Start importing Assets/Images/Pipes/PipeHorizontalUp1.png using Guid(32422e7bd821dc84283ecc3f0f6ead97) Importer(815301076,1909f56bfc062723c751e8b465ee728b)  -> (artifact id: '983550ca0c0ec0b27d16e7dc53864da9') in 0.009850 seconds
  Import took 0.012271 seconds .

========================================================================
Received Import Request.
  Time since last request: 0.002507 seconds.
  path: Assets/Images/Pipes/PipeHorizontalUp1.png
  artifactKey: Guid(32422e7bd821dc84283ecc3f0f6ead97) Importer(815301076,1909f56bfc062723c751e8b465ee728b)
Start importing Assets/Images/Pipes/PipeHorizontalUp1.png using Guid(32422e7bd821dc84283ecc3f0f6ead97) Importer(815301076,1909f56bfc062723c751e8b465ee728b)  -> (artifact id: '983550ca0c0ec0b27d16e7dc53864da9') in 0.004689 seconds
  Import took 0.007002 seconds .

========================================================================
Received Import Request.
  Time since last request: 56.772861 seconds.
  path: Assets/Prefabs/Brick.prefab
  artifactKey: Guid(8874937dbcbb7f148a8a50f060787652) Importer(815301076,1909f56bfc062723c751e8b465ee728b)
Start importing Assets/Prefabs/Brick.prefab using Guid(8874937dbcbb7f148a8a50f060787652) Importer(815301076,1909f56bfc062723c751e8b465ee728b)  -> (artifact id: '3445818753250cf9a6e229caa6215390') in 0.035227 seconds
  Import took 0.037898 seconds .

========================================================================
Received Import Request.
  Time since last request: 0.000168 seconds.
  path: Assets/Prefabs/Player.prefab
  artifactKey: Guid(65f34befda860364c8bd6d324a15b03d) Importer(815301076,1909f56bfc062723c751e8b465ee728b)
Start importing Assets/Prefabs/Player.prefab using Guid(65f34befda860364c8bd6d324a15b03d) Importer(815301076,1909f56bfc062723c751e8b465ee728b)  -> (artifact id: '5f127f457a0b4adf9e8aa33eb95b24e8') in 0.085849 seconds
  Import took 0.088383 seconds .

========================================================================
Received Import Request.
  Time since last request: 0.000166 seconds.
  path: Assets/Prefabs/Stone.prefab
  artifactKey: Guid(b89b0edb833bba64eb50644c8d035906) Importer(815301076,1909f56bfc062723c751e8b465ee728b)
Start importing Assets/Prefabs/Stone.prefab using Guid(b89b0edb833bba64eb50644c8d035906) Importer(815301076,1909f56bfc062723c751e8b465ee728b)  -> (artifact id: '33a9ad68233d3a40e50c23f54c63c163') in 0.010414 seconds
  Import took 0.012808 seconds .

========================================================================
Received Import Request.
  Time since last request: 0.000111 seconds.
  path: Assets/Prefabs/workprogress.prefab
  artifactKey: Guid(1fa8e66c236c4324d917c93fda26de21) Importer(815301076,1909f56bfc062723c751e8b465ee728b)
Start importing Assets/Prefabs/workprogress.prefab using Guid(1fa8e66c236c4324d917c93fda26de21) Importer(815301076,1909f56bfc062723c751e8b465ee728b)  -> (artifact id: '394bbca997346c51df937f0b52de3d53') in 0.013392 seconds
  Import took 0.015752 seconds .

========================================================================
Received Import Request.
  Time since last request: 0.000099 seconds.
  path: Assets/Prefabs/StoneBucket.prefab
  artifactKey: Guid(e1166a0d401685043a22234dd3928635) Importer(815301076,1909f56bfc062723c751e8b465ee728b)
Start importing Assets/Prefabs/StoneBucket.prefab using Guid(e1166a0d401685043a22234dd3928635) Importer(815301076,1909f56bfc062723c751e8b465ee728b)  -> (artifact id: 'c04186fcdea2b4e3d1d3c26309695872') in 0.012754 seconds
  Import took 0.015082 seconds .

========================================================================
Received Import Request.
  Time since last request: 0.000108 seconds.
  path: Assets/Prefabs/Plattform.prefab
  artifactKey: Guid(e7887814830f68044aa75d4e9da6423e) Importer(815301076,1909f56bfc062723c751e8b465ee728b)
Start importing Assets/Prefabs/Plattform.prefab using Guid(e7887814830f68044aa75d4e9da6423e) Importer(815301076,1909f56bfc062723c751e8b465ee728b)  -> (artifact id: '1fd40770e60374040a1fa4c342478f91') in 0.012830 seconds
  Import took 0.015160 seconds .

========================================================================
Received Import Request.
  Time since last request: 0.000099 seconds.
  path: Assets/Prefabs/StoneQuary.prefab
  artifactKey: Guid(fb4a0be92bc0703468476ceaa2b4f7b3) Importer(815301076,1909f56bfc062723c751e8b465ee728b)
Start importing Assets/Prefabs/StoneQuary.prefab using Guid(fb4a0be92bc0703468476ceaa2b4f7b3) Importer(815301076,1909f56bfc062723c751e8b465ee728b)  -> (artifact id: '3583ff899d7c66971c57fc73cf2f0267') in 0.015734 seconds
  Import took 0.018151 seconds .

========================================================================
Received Import Request.
  Time since last request: 0.000143 seconds.
  path: Assets/Prefabs/workbench.prefab
  artifactKey: Guid(d3bd1ed989ea12f468ba3451a1bd5519) Importer(815301076,1909f56bfc062723c751e8b465ee728b)
Start importing Assets/Prefabs/workbench.prefab using Guid(d3bd1ed989ea12f468ba3451a1bd5519) Importer(815301076,1909f56bfc062723c751e8b465ee728b)  -> (artifact id: 'd7e3505a27bc1049a20a25f7ea813bf8') in 0.013684 seconds
  Import took 0.016178 seconds .

========================================================================
Received Prepare
Registering precompiled user dll's ...
Registered in 0.000545 seconds.
Begin MonoManager ReloadAssembly
Native extension for WindowsStandalone target not found
Refreshing native plugins compatible for Editor in 0.34 ms, found 1 plugins.
Preloading 0 native plugins for Editor in 0.00 ms.
Invoked RoslynAnalysisRunner static constructor.
RoslynAnalysisRunner will not be running.
RoslynAnalysisRunner has terminated.
Mono: successfully reloaded assembly
- Completed reload, in  0.613 seconds
Platform modules already initialized, skipping
Refreshing native plugins compatible for Editor in 0.33 ms, found 1 plugins.
Preloading 0 native plugins for Editor in 0.00 ms.
Unloading 2107 Unused Serialized files (Serialized files now loaded: 0)
System memory in use before: 98.9 MB.
System memory in use after: 99.0 MB.

Unloading 9 unused Assets to reduce memory usage. Loaded Objects now: 2602.
Total: 1.654900 ms (FindLiveObjects: 0.153900 ms CreateObjectMapping: 0.068300 ms MarkObjects: 1.421900 ms  DeleteObjects: 0.010200 ms)

========================================================================
Received Import Request.
  Time since last request: 47.553569 seconds.
  path: Assets/Prefabs/Player.prefab
  artifactKey: Guid(65f34befda860364c8bd6d324a15b03d) Importer(815301076,1909f56bfc062723c751e8b465ee728b)
Start importing Assets/Prefabs/Player.prefab using Guid(65f34befda860364c8bd6d324a15b03d) Importer(815301076,1909f56bfc062723c751e8b465ee728b)  -> (artifact id: '2718d880bdc0f4f4c703073a0df351b5') in 0.053170 seconds
  Import took 0.055910 seconds .

========================================================================
Received Prepare
Registering precompiled user dll's ...
Registered in 0.000615 seconds.
Begin MonoManager ReloadAssembly
Native extension for WindowsStandalone target not found
Refreshing native plugins compatible for Editor in 0.33 ms, found 1 plugins.
Preloading 0 native plugins for Editor in 0.00 ms.
Invoked RoslynAnalysisRunner static constructor.
RoslynAnalysisRunner will not be running.
RoslynAnalysisRunner has terminated.
Mono: successfully reloaded assembly
- Completed reload, in  0.609 seconds
Platform modules already initialized, skipping
Refreshing native plugins compatible for Editor in 0.30 ms, found 1 plugins.
Preloading 0 native plugins for Editor in 0.00 ms.
Unloading 2107 Unused Serialized files (Serialized files now loaded: 0)
System memory in use before: 98.9 MB.
System memory in use after: 99.1 MB.

Unloading 9 unused Assets to reduce memory usage. Loaded Objects now: 2606.
Total: 1.837000 ms (FindLiveObjects: 0.166600 ms CreateObjectMapping: 0.078600 ms MarkObjects: 1.577400 ms  DeleteObjects: 0.013900 ms)

========================================================================
Received Import Request.
  Time since last request: 57.886883 seconds.
  path: Assets/TileMap/mountain.prefab
  artifactKey: Guid(e891e83b09eaddc42ba308c75246921f) Importer(815301076,1909f56bfc062723c751e8b465ee728b)
Start importing Assets/TileMap/mountain.prefab using Guid(e891e83b09eaddc42ba308c75246921f) Importer(815301076,1909f56bfc062723c751e8b465ee728b)  -> (artifact id: 'd9903f547b56b826db25976d69a89f4d') in 0.019189 seconds
  Import took 0.021784 seconds .

========================================================================
Received Import Request.
  Time since last request: 0.000240 seconds.
  path: Assets/TileMap/PlattformTileCornerDownRight.asset
  artifactKey: Guid(08bf045c47e46244695442b5ac00e52d) Importer(815301076,1909f56bfc062723c751e8b465ee728b)
Start importing Assets/TileMap/PlattformTileCornerDownRight.asset using Guid(08bf045c47e46244695442b5ac00e52d) Importer(815301076,1909f56bfc062723c751e8b465ee728b)  -> (artifact id: 'af72fbdd32a1a9d626ab437045b2a83d') in 0.027255 seconds
  Import took 0.029566 seconds .

========================================================================
Received Import Request.
  Time since last request: 0.000131 seconds.
  path: Assets/TileMap/PlatformTileLowerCorner.asset
  artifactKey: Guid(f87dd027f59fef54d9c66e0addb1a5d3) Importer(815301076,1909f56bfc062723c751e8b465ee728b)
Start importing Assets/TileMap/PlatformTileLowerCorner.asset using Guid(f87dd027f59fef54d9c66e0addb1a5d3) Importer(815301076,1909f56bfc062723c751e8b465ee728b)  -> (artifact id: 'b83f97169182994c60aa20302852d1f7') in 0.014963 seconds
  Import took 0.017607 seconds .

========================================================================
Received Import Request.
  Time since last request: 0.000121 seconds.
  path: Assets/TileMap/PlatformTileUpperCorner.asset
  artifactKey: Guid(8818a1359664fc64ca6379547183a605) Importer(815301076,1909f56bfc062723c751e8b465ee728b)
Start importing Assets/TileMap/PlatformTileUpperCorner.asset using Guid(8818a1359664fc64ca6379547183a605) Importer(815301076,1909f56bfc062723c751e8b465ee728b)  -> (artifact id: '3a029ee76107a222dde2d4281347fec4') in 0.015355 seconds
  Import took 0.017856 seconds .

========================================================================
Received Import Request.
  Time since last request: 0.000153 seconds.
  path: Assets/TileMap/PlattformTileCornerUpRight.asset
  artifactKey: Guid(791495a26695ced45b7b851c5fd7d40f) Importer(815301076,1909f56bfc062723c751e8b465ee728b)
Start importing Assets/TileMap/PlattformTileCornerUpRight.asset using Guid(791495a26695ced45b7b851c5fd7d40f) Importer(815301076,1909f56bfc062723c751e8b465ee728b)  -> (artifact id: '2517292ae97d28105c5eebcdecfd001e') in 0.014120 seconds
  Import took 0.016677 seconds .

========================================================================
Received Import Request.
  Time since last request: 0.728053 seconds.
  path: Assets/TileMap
  artifactKey: Guid(75327fb878917ea4e9c7bb781dc4525b) Importer(815301076,1909f56bfc062723c751e8b465ee728b)
Start importing Assets/TileMap using Guid(75327fb878917ea4e9c7bb781dc4525b) Importer(815301076,1909f56bfc062723c751e8b465ee728b)  -> (artifact id: '00e58a730ffe3001979cfbc7b2f6c81e') in 0.004795 seconds
  Import took 0.007263 seconds .

========================================================================
Received Import Request.
  Time since last request: 4.421252 seconds.
  path: Assets/TileMap/pipes
  artifactKey: Guid(0673a8c5d138e154194d0ac5b7279f50) Importer(815301076,1909f56bfc062723c751e8b465ee728b)
Start importing Assets/TileMap/pipes using Guid(0673a8c5d138e154194d0ac5b7279f50) Importer(815301076,1909f56bfc062723c751e8b465ee728b)  -> (artifact id: '1211e13247a922044f088b7cb163b81f') in 0.004556 seconds
  Import took 0.007071 seconds .

